#
# A fatal error has been detected by the Java Runtime Environment:
#
#  SIGSEGV (0xb) at pc=0x00007f6064171d90, pid=8491, tid=8519
#
# JRE version: OpenJDK Runtime Environment (11.0.2+9) (build 11.0.2+9)
# Java VM: OpenJDK 64-Bit Server VM (11.0.2+9, mixed mode, tiered, compressed oops, g1 gc, linux-amd64)
# Problematic frame:
# V  [libjvm.so+0xd89d90]  SystemDictionary::resolve_or_fail(Symbol*, Handle, Handle, bool, Thread*)+0x20
#
# Core dump will be written. Default location: Core dumps may be processed with "/usr/share/apport/apport %p %s %c %d %P" (or dumping to /home/gk/NetBeansProjects/JavaDM/core.8491)
#
# If you would like to submit a bug report, please visit:
#   http://bugreport.java.com/bugreport/crash.jsp
#

---------------  S U M M A R Y ------------

Command Line: -Dfile.encoding=UTF-8 --module-path=/home/gk/NetBeansProjects/JavaDM/build/classes JavaDM.App.AppCC

Host: Intel(R) Core(TM) i5-4310U CPU @ 2.00GHz, 4 cores, 7G, Ubuntu 18.04.3 LTS
Time: Mon Nov  4 21:04:07 2019 +08 elapsed time: 1 seconds (0d 0h 0m 1s)

---------------  T H R E A D  ---------------

Current thread (0x00007f605c445800):  JavaThread "AWT-EventQueue-0" [_thread_in_vm, id=8519, stack(0x00007f5ff6cfb000,0x00007f5ff6dfc000)]

Stack: [0x00007f5ff6cfb000,0x00007f5ff6dfc000],  sp=0x00007f5ff6df6c10,  free space=1007k
Native frames: (J=compiled Java code, A=aot compiled Java code, j=interpreted, Vv=VM code, C=native code)
V  [libjvm.so+0xd89d90]  SystemDictionary::resolve_or_fail(Symbol*, Handle, Handle, bool, Thread*)+0x20
V  [libjvm.so+0x68f3f7]  ConstantPool::klass_ref_at(int, Thread*)+0x137
V  [libjvm.so+0xa6c823]  LinkResolver::resolve_field_access(fieldDescriptor&, constantPoolHandle const&, int, methodHandle const&, Bytecodes::Code, Thread*)+0x43
V  [libjvm.so+0x8792a9]  InterpreterRuntime::resolve_get_put(JavaThread*, Bytecodes::Code)+0x1b9
V  [libjvm.so+0x87bb3d]  InterpreterRuntime::resolve_from_cache(JavaThread*, Bytecodes::Code)+0x17d
j  sun.nio.cs.StreamEncoder.writeBytes()V+24 java.base@11.0.2
j  sun.nio.cs.StreamEncoder.implFlushBuffer()V+11 java.base@11.0.2
j  sun.nio.cs.StreamEncoder.flushBuffer()V+15 java.base@11.0.2
j  java.io.OutputStreamWriter.flushBuffer()V+4 java.base@11.0.2
j  java.io.PrintStream.write(Ljava/lang/String;)V+27 java.base@11.0.2
j  java.io.PrintStream.print(Ljava/lang/String;)V+5 java.base@11.0.2
j  java.io.PrintStream.println(Ljava/lang/String;)V+6 java.base@11.0.2
j  JavaDM.Misc.ColorChoser.formMousePressed(Ljava/awt/event/MouseEvent;)V+59
j  JavaDM.Misc.ColorChoser$1.mousePressed(Ljava/awt/event/MouseEvent;)V+5
j  java.awt.Component.processMouseEvent(Ljava/awt/event/MouseEvent;)V+54 java.desktop@11.0.2
j  java.awt.Component.processEvent(Ljava/awt/AWTEvent;)V+81 java.desktop@11.0.2
j  java.awt.Container.processEvent(Ljava/awt/AWTEvent;)V+18 java.desktop@11.0.2
j  java.awt.Window.processEvent(Ljava/awt/AWTEvent;)V+97 java.desktop@11.0.2
j  java.awt.Component.dispatchEventImpl(Ljava/awt/AWTEvent;)V+496 java.desktop@11.0.2
j  java.awt.Container.dispatchEventImpl(Ljava/awt/AWTEvent;)V+42 java.desktop@11.0.2
j  java.awt.Window.dispatchEventImpl(Ljava/awt/AWTEvent;)V+19 java.desktop@11.0.2
j  java.awt.Component.dispatchEvent(Ljava/awt/AWTEvent;)V+2 java.desktop@11.0.2
j  java.awt.EventQueue.dispatchEventImpl(Ljava/awt/AWTEvent;Ljava/lang/Object;)V+41 java.desktop@11.0.2
j  java.awt.EventQueue$4.run()Ljava/lang/Void;+32 java.desktop@11.0.2
j  java.awt.EventQueue$4.run()Ljava/lang/Object;+1 java.desktop@11.0.2
v  ~StubRoutines::call_stub
V  [libjvm.so+0x8847e9]  JavaCalls::call_helper(JavaValue*, methodHandle const&, JavaCallArguments*, Thread*)+0x3b9
V  [libjvm.so+0x937c14]  JVM_DoPrivileged+0x544
j  java.security.AccessController.doPrivileged(Ljava/security/PrivilegedAction;Ljava/security/AccessControlContext;)Ljava/lang/Object;+0 java.base@11.0.2
j  java.security.ProtectionDomain$JavaSecurityAccessImpl.doIntersectionPrivilege(Ljava/security/PrivilegedAction;Ljava/security/AccessControlContext;Ljava/security/AccessControlContext;)Ljava/lang/Object;+18 java.base@11.0.2
j  java.security.ProtectionDomain$JavaSecurityAccessImpl.doIntersectionPrivilege(Ljava/security/PrivilegedAction;Ljava/security/AccessControlContext;)Ljava/lang/Object;+6 java.base@11.0.2
j  java.awt.EventQueue$5.run()Ljava/lang/Void;+11 java.desktop@11.0.2
j  java.awt.EventQueue$5.run()Ljava/lang/Object;+1 java.desktop@11.0.2
v  ~StubRoutines::call_stub
V  [libjvm.so+0x8847e9]  JavaCalls::call_helper(JavaValue*, methodHandle const&, JavaCallArguments*, Thread*)+0x3b9
V  [libjvm.so+0x937c14]  JVM_DoPrivileged+0x544
j  java.security.AccessController.doPrivileged(Ljava/security/PrivilegedAction;Ljava/security/AccessControlContext;)Ljava/lang/Object;+0 java.base@11.0.2
j  java.security.ProtectionDomain$JavaSecurityAccessImpl.doIntersectionPrivilege(Ljava/security/PrivilegedAction;Ljava/security/AccessControlContext;Ljava/security/AccessControlContext;)Ljava/lang/Object;+18 java.base@11.0.2
j  java.awt.EventQueue.dispatchEvent(Ljava/awt/AWTEvent;)V+73 java.desktop@11.0.2
j  java.awt.EventDispatchThread.pumpOneEventForFilters(I)V+78 java.desktop@11.0.2
j  java.awt.EventDispatchThread.pumpEventsForFilter(ILjava/awt/Conditional;Ljava/awt/EventFilter;)V+35 java.desktop@11.0.2
j  java.awt.EventDispatchThread.pumpEventsForHierarchy(ILjava/awt/Conditional;Ljava/awt/Component;)V+11 java.desktop@11.0.2
j  java.awt.EventDispatchThread.pumpEvents(ILjava/awt/Conditional;)V+4 java.desktop@11.0.2
j  java.awt.EventDispatchThread.pumpEvents(Ljava/awt/Conditional;)V+3 java.desktop@11.0.2
j  java.awt.EventDispatchThread.run()V+9 java.desktop@11.0.2
v  ~StubRoutines::call_stub
V  [libjvm.so+0x8847e9]  JavaCalls::call_helper(JavaValue*, methodHandle const&, JavaCallArguments*, Thread*)+0x3b9
V  [libjvm.so+0x88279d]  JavaCalls::call_virtual(JavaValue*, Handle, Klass*, Symbol*, Symbol*, Thread*)+0x1ed
V  [libjvm.so+0x92c85c]  thread_entry(JavaThread*, Thread*)+0x6c
V  [libjvm.so+0xdc2b0d]  JavaThread::thread_main_inner()+0x21d
V  [libjvm.so+0xdc2eb7]  JavaThread::run()+0x377
V  [libjvm.so+0xc076a0]  thread_native_entry(Thread*)+0xf0

Java frames: (J=compiled Java code, j=interpreted, Vv=VM code)
j  sun.nio.cs.StreamEncoder.writeBytes()V+24 java.base@11.0.2
j  sun.nio.cs.StreamEncoder.implFlushBuffer()V+11 java.base@11.0.2
j  sun.nio.cs.StreamEncoder.flushBuffer()V+15 java.base@11.0.2
j  java.io.OutputStreamWriter.flushBuffer()V+4 java.base@11.0.2
j  java.io.PrintStream.write(Ljava/lang/String;)V+27 java.base@11.0.2
j  java.io.PrintStream.print(Ljava/lang/String;)V+5 java.base@11.0.2
j  java.io.PrintStream.println(Ljava/lang/String;)V+6 java.base@11.0.2
j  JavaDM.Misc.ColorChoser.formMousePressed(Ljava/awt/event/MouseEvent;)V+59
j  JavaDM.Misc.ColorChoser$1.mousePressed(Ljava/awt/event/MouseEvent;)V+5
j  java.awt.Component.processMouseEvent(Ljava/awt/event/MouseEvent;)V+54 java.desktop@11.0.2
j  java.awt.Component.processEvent(Ljava/awt/AWTEvent;)V+81 java.desktop@11.0.2
j  java.awt.Container.processEvent(Ljava/awt/AWTEvent;)V+18 java.desktop@11.0.2
j  java.awt.Window.processEvent(Ljava/awt/AWTEvent;)V+97 java.desktop@11.0.2
j  java.awt.Component.dispatchEventImpl(Ljava/awt/AWTEvent;)V+496 java.desktop@11.0.2
j  java.awt.Container.dispatchEventImpl(Ljava/awt/AWTEvent;)V+42 java.desktop@11.0.2
j  java.awt.Window.dispatchEventImpl(Ljava/awt/AWTEvent;)V+19 java.desktop@11.0.2
j  java.awt.Component.dispatchEvent(Ljava/awt/AWTEvent;)V+2 java.desktop@11.0.2
j  java.awt.EventQueue.dispatchEventImpl(Ljava/awt/AWTEvent;Ljava/lang/Object;)V+41 java.desktop@11.0.2
j  java.awt.EventQueue$4.run()Ljava/lang/Void;+32 java.desktop@11.0.2
j  java.awt.EventQueue$4.run()Ljava/lang/Object;+1 java.desktop@11.0.2
v  ~StubRoutines::call_stub
j  java.security.AccessController.doPrivileged(Ljava/security/PrivilegedAction;Ljava/security/AccessControlContext;)Ljava/lang/Object;+0 java.base@11.0.2
j  java.security.ProtectionDomain$JavaSecurityAccessImpl.doIntersectionPrivilege(Ljava/security/PrivilegedAction;Ljava/security/AccessControlContext;Ljava/security/AccessControlContext;)Ljava/lang/Object;+18 java.base@11.0.2
j  java.security.ProtectionDomain$JavaSecurityAccessImpl.doIntersectionPrivilege(Ljava/security/PrivilegedAction;Ljava/security/AccessControlContext;)Ljava/lang/Object;+6 java.base@11.0.2
j  java.awt.EventQueue$5.run()Ljava/lang/Void;+11 java.desktop@11.0.2
j  java.awt.EventQueue$5.run()Ljava/lang/Object;+1 java.desktop@11.0.2
v  ~StubRoutines::call_stub
j  java.security.AccessController.doPrivileged(Ljava/security/PrivilegedAction;Ljava/security/AccessControlContext;)Ljava/lang/Object;+0 java.base@11.0.2
j  java.security.ProtectionDomain$JavaSecurityAccessImpl.doIntersectionPrivilege(Ljava/security/PrivilegedAction;Ljava/security/AccessControlContext;Ljava/security/AccessControlContext;)Ljava/lang/Object;+18 java.base@11.0.2
j  java.awt.EventQueue.dispatchEvent(Ljava/awt/AWTEvent;)V+73 java.desktop@11.0.2
j  java.awt.EventDispatchThread.pumpOneEventForFilters(I)V+78 java.desktop@11.0.2
j  java.awt.EventDispatchThread.pumpEventsForFilter(ILjava/awt/Conditional;Ljava/awt/EventFilter;)V+35 java.desktop@11.0.2
j  java.awt.EventDispatchThread.pumpEventsForHierarchy(ILjava/awt/Conditional;Ljava/awt/Component;)V+11 java.desktop@11.0.2
j  java.awt.EventDispatchThread.pumpEvents(ILjava/awt/Conditional;)V+4 java.desktop@11.0.2
j  java.awt.EventDispatchThread.pumpEvents(Ljava/awt/Conditional;)V+3 java.desktop@11.0.2
j  java.awt.EventDispatchThread.run()V+9 java.desktop@11.0.2
v  ~StubRoutines::call_stub

siginfo: si_signo: 11 (SIGSEGV), si_code: 1 (SEGV_MAPERR), si_addr: 0x0000000000000000

Register to memory mapping:

RAX=0x0 is NULL
RBX=0x0 is NULL
RCX=0x0000000000000001 is an unknown value
RDX=0x0 is NULL
RSP=0x00007f5ff6df6c10 is pointing into the stack for thread: 0x00007f605c445800
RBP=0x00007f5ff6df6c80 is pointing into the stack for thread: 0x00007f605c445800
RSI=0x0 is NULL
RDI=0x0 is NULL
R8 =0x00007f605c445800 is a thread
R9 =0x0 is NULL
R10=0x0 is NULL
R11=0x00007f604c73d6e0 is at entry_point+32 in (nmethod*)0x00007f604c73d510
R12=0x00007f605c445800 is a thread
R13=0x0000000000000001 is an unknown value
R14=0x00007f605c445800 is a thread
R15=0x0 is NULL


Registers:
RAX=0x0000000000000000, RBX=0x0000000000000000, RCX=0x0000000000000001, RDX=0x0000000000000000
RSP=0x00007f5ff6df6c10, RBP=0x00007f5ff6df6c80, RSI=0x0000000000000000, RDI=0x0000000000000000
R8 =0x00007f605c445800, R9 =0x0000000000000000, R10=0x0000000000000000, R11=0x00007f604c73d6e0
R12=0x00007f605c445800, R13=0x0000000000000001, R14=0x00007f605c445800, R15=0x0000000000000000
RIP=0x00007f6064171d90, EFLAGS=0x0000000000010202, CSGSFS=0x002b000000000033, ERR=0x0000000000000004
  TRAPNO=0x000000000000000e

Top of Stack: (sp=0x00007f5ff6df6c10)
0x00007f5ff6df6c10:   00007f605c445800 00007f5ff6df6e50
0x00007f5ff6df6c20:   0000000000000000 00000000fffffffe
0x00007f5ff6df6c30:   00007f5ff6df6cc0 00007f6063e55e69
0x00007f5ff6df6c40:   00007f5ff6df6cd0 00007f6063a77367 

Instructions: (pc=0x00007f6064171d90)
0x00007f6064171d70:   55 49 89 d1 48 89 e5 41 57 41 56 41 55 41 54 49
0x00007f6064171d80:   89 f7 53 41 89 cd 48 89 fb 4d 89 c6 48 83 ec 48
0x00007f6064171d90:   0f b7 37 66 83 fe 01 0f 87 63 01 00 00 44 0f b7
0x00007f6064171da0:   e6 41 83 fc 01 7e 0a 80 7b 06 4c 0f 84 7f 00 00 

Stack slot to memory mapping:
stack at sp + 0 slots: 0x00007f605c445800 is a thread
stack at sp + 1 slots: 0x00007f5ff6df6e50 is pointing into the stack for thread: 0x00007f605c445800
stack at sp + 2 slots: 0x0 is NULL
stack at sp + 3 slots: 
[error occurred during error reporting (inspecting top of stack), id 0xb, SIGSEGV (0xb) at pc=0x00007f6063b57b0c]


---------------  P R O C E S S  ---------------

Threads class SMR info:
_java_thread_list=0x00007f5fdc000b70, length=13, elements={
0x00007f605c14e000, 0x00007f605c152000, 0x00007f605c165800, 0x00007f605c168000,
0x00007f605c16a000, 0x00007f605c16c000, 0x00007f605c21e800, 0x00007f605c26d800,
0x00007f605c3ef800, 0x00007f605c426000, 0x00007f605c444000, 0x00007f605c445800,
0x00007f605c011800
}

Java Threads: ( => current thread )
  0x00007f605c14e000 JavaThread "Reference Handler" daemon [_thread_blocked, id=8503, stack(0x00007f606004f000,0x00007f6060150000)]
  0x00007f605c152000 JavaThread "Finalizer" daemon [_thread_blocked, id=8504, stack(0x00007f6044357000,0x00007f6044458000)]
  0x00007f605c165800 JavaThread "Signal Dispatcher" daemon [_thread_blocked, id=8506, stack(0x00007f603c16f000,0x00007f603c270000)]
  0x00007f605c168000 JavaThread "C2 CompilerThread0" daemon [_thread_blocked, id=8507, stack(0x00007f603c06e000,0x00007f603c16f000)]
  0x00007f605c16a000 JavaThread "C1 CompilerThread0" daemon [_thread_blocked, id=8508, stack(0x00007f6035eff000,0x00007f6036000000)]
  0x00007f605c16c000 JavaThread "Sweeper thread" daemon [_thread_blocked, id=8509, stack(0x00007f6035dfe000,0x00007f6035eff000)]
  0x00007f605c21e800 JavaThread "Common-Cleaner" daemon [_thread_blocked, id=8510, stack(0x00007f60358d4000,0x00007f60359d5000)]
  0x00007f605c26d800 JavaThread "Service Thread" daemon [_thread_blocked, id=8511, stack(0x00007f60357d3000,0x00007f60358d4000)]
  0x00007f605c3ef800 JavaThread "Java2D Disposer" daemon [_thread_blocked, id=8516, stack(0x00007f60000e3000,0x00007f60001e4000)]
  0x00007f605c426000 JavaThread "AWT-XAWT" daemon [_thread_in_native, id=8517, stack(0x00007f5ff6efd000,0x00007f5ff6ffe000)]
  0x00007f605c444000 JavaThread "AWT-Shutdown" [_thread_blocked, id=8518, stack(0x00007f5ff6dfc000,0x00007f5ff6efd000)]
=>0x00007f605c445800 JavaThread "AWT-EventQueue-0" [_thread_in_vm, id=8519, stack(0x00007f5ff6cfb000,0x00007f5ff6dfc000)]
  0x00007f605c011800 JavaThread "DestroyJavaVM" [_thread_blocked, id=8493, stack(0x00007f60655b4000,0x00007f60656b5000)]

Other Threads:
  0x00007f605c146000 VMThread "VM Thread" [stack: 0x00007f6060152000,0x00007f6060252000] [id=8502]
  0x00007f605c26f800 WatcherThread [stack: 0x00007f60356d3000,0x00007f60357d3000] [id=8512]
  0x00007f605c039800 GCTaskThread "GC Thread#0" [stack: 0x00007f6061acb000,0x00007f6061bcb000] [id=8497]
  0x00007f605c06a800 ConcurrentGCThread "G1 Main Marker" [stack: 0x00007f6060a3a000,0x00007f6060b3a000] [id=8498]
  0x00007f605c06c800 ConcurrentGCThread "G1 Conc#0" [stack: 0x00007f6060938000,0x00007f6060a38000] [id=8499]
  0x00007f605c0e4800 ConcurrentGCThread "G1 Refine#0" [stack: 0x00007f6060432000,0x00007f6060532000] [id=8500]
  0x00007f605c0e6000 ConcurrentGCThread "G1 Young RemSet Sampling" [stack: 0x00007f6060330000,0x00007f6060430000] [id=8501]

Threads with active compile tasks:

VM state:not at safepoint (normal execution)

VM Mutex/Monitor currently owned by a thread: None

Heap address: 0x0000000084e00000, size: 1970 MB, Compressed Oops mode: 32-bit
Narrow klass base: 0x0000000000000000, Narrow klass shift: 3
Compressed class space size: 1073741824 Address: 0x0000000100000000

Heap:
 garbage-first heap   total 126976K, used 12288K [0x0000000084e00000, 0x0000000100000000)
  region size 1024K, 13 young (13312K), 0 survivors (0K)
 Metaspace       used 15085K, capacity 15599K, committed 15744K, reserved 1062912K
  class space    used 1598K, capacity 1871K, committed 1920K, reserved 1048576K
Heap Regions: E=young(eden), S=young(survivor), O=old, HS=humongous(starts), HC=humongous(continues), CS=collection set, F=free, A=archive, TAMS=top-at-mark-start (previous, next)
|   0|0x0000000084e00000, 0x0000000084e00000, 0x0000000084f00000|  0%| F|  |TAMS 0x0000000084e00000, 0x0000000084e00000| Untracked 
|   1|0x0000000084f00000, 0x0000000084f00000, 0x0000000085000000|  0%| F|  |TAMS 0x0000000084f00000, 0x0000000084f00000| Untracked 
|   2|0x0000000085000000, 0x0000000085000000, 0x0000000085100000|  0%| F|  |TAMS 0x0000000085000000, 0x0000000085000000| Untracked 
|   3|0x0000000085100000, 0x0000000085100000, 0x0000000085200000|  0%| F|  |TAMS 0x0000000085100000, 0x0000000085100000| Untracked 
|   4|0x0000000085200000, 0x0000000085200000, 0x0000000085300000|  0%| F|  |TAMS 0x0000000085200000, 0x0000000085200000| Untracked 
|   5|0x0000000085300000, 0x0000000085300000, 0x0000000085400000|  0%| F|  |TAMS 0x0000000085300000, 0x0000000085300000| Untracked 
|   6|0x0000000085400000, 0x0000000085400000, 0x0000000085500000|  0%| F|  |TAMS 0x0000000085400000, 0x0000000085400000| Untracked 
|   7|0x0000000085500000, 0x0000000085500000, 0x0000000085600000|  0%| F|  |TAMS 0x0000000085500000, 0x0000000085500000| Untracked 
|   8|0x0000000085600000, 0x0000000085600000, 0x0000000085700000|  0%| F|  |TAMS 0x0000000085600000, 0x0000000085600000| Untracked 
|   9|0x0000000085700000, 0x0000000085700000, 0x0000000085800000|  0%| F|  |TAMS 0x0000000085700000, 0x0000000085700000| Untracked 
|  10|0x0000000085800000, 0x0000000085800000, 0x0000000085900000|  0%| F|  |TAMS 0x0000000085800000, 0x0000000085800000| Untracked 
|  11|0x0000000085900000, 0x0000000085900000, 0x0000000085a00000|  0%| F|  |TAMS 0x0000000085900000, 0x0000000085900000| Untracked 
|  12|0x0000000085a00000, 0x0000000085a00000, 0x0000000085b00000|  0%| F|  |TAMS 0x0000000085a00000, 0x0000000085a00000| Untracked 
|  13|0x0000000085b00000, 0x0000000085b00000, 0x0000000085c00000|  0%| F|  |TAMS 0x0000000085b00000, 0x0000000085b00000| Untracked 
|  14|0x0000000085c00000, 0x0000000085c00000, 0x0000000085d00000|  0%| F|  |TAMS 0x0000000085c00000, 0x0000000085c00000| Untracked 
|  15|0x0000000085d00000, 0x0000000085d00000, 0x0000000085e00000|  0%| F|  |TAMS 0x0000000085d00000, 0x0000000085d00000| Untracked 
|  16|0x0000000085e00000, 0x0000000085e00000, 0x0000000085f00000|  0%| F|  |TAMS 0x0000000085e00000, 0x0000000085e00000| Untracked 
|  17|0x0000000085f00000, 0x0000000085f00000, 0x0000000086000000|  0%| F|  |TAMS 0x0000000085f00000, 0x0000000085f00000| Untracked 
|  18|0x0000000086000000, 0x0000000086000000, 0x0000000086100000|  0%| F|  |TAMS 0x0000000086000000, 0x0000000086000000| Untracked 
|  19|0x0000000086100000, 0x0000000086100000, 0x0000000086200000|  0%| F|  |TAMS 0x0000000086100000, 0x0000000086100000| Untracked 
|  20|0x0000000086200000, 0x0000000086200000, 0x0000000086300000|  0%| F|  |TAMS 0x0000000086200000, 0x0000000086200000| Untracked 
|  21|0x0000000086300000, 0x0000000086300000, 0x0000000086400000|  0%| F|  |TAMS 0x0000000086300000, 0x0000000086300000| Untracked 
|  22|0x0000000086400000, 0x0000000086400000, 0x0000000086500000|  0%| F|  |TAMS 0x0000000086400000, 0x0000000086400000| Untracked 
|  23|0x0000000086500000, 0x0000000086500000, 0x0000000086600000|  0%| F|  |TAMS 0x0000000086500000, 0x0000000086500000| Untracked 
|  24|0x0000000086600000, 0x0000000086600000, 0x0000000086700000|  0%| F|  |TAMS 0x0000000086600000, 0x0000000086600000| Untracked 
|  25|0x0000000086700000, 0x0000000086700000, 0x0000000086800000|  0%| F|  |TAMS 0x0000000086700000, 0x0000000086700000| Untracked 
|  26|0x0000000086800000, 0x0000000086800000, 0x0000000086900000|  0%| F|  |TAMS 0x0000000086800000, 0x0000000086800000| Untracked 
|  27|0x0000000086900000, 0x0000000086900000, 0x0000000086a00000|  0%| F|  |TAMS 0x0000000086900000, 0x0000000086900000| Untracked 
|  28|0x0000000086a00000, 0x0000000086a00000, 0x0000000086b00000|  0%| F|  |TAMS 0x0000000086a00000, 0x0000000086a00000| Untracked 
|  29|0x0000000086b00000, 0x0000000086b00000, 0x0000000086c00000|  0%| F|  |TAMS 0x0000000086b00000, 0x0000000086b00000| Untracked 
|  30|0x0000000086c00000, 0x0000000086c00000, 0x0000000086d00000|  0%| F|  |TAMS 0x0000000086c00000, 0x0000000086c00000| Untracked 
|  31|0x0000000086d00000, 0x0000000086d00000, 0x0000000086e00000|  0%| F|  |TAMS 0x0000000086d00000, 0x0000000086d00000| Untracked 
|  32|0x0000000086e00000, 0x0000000086e00000, 0x0000000086f00000|  0%| F|  |TAMS 0x0000000086e00000, 0x0000000086e00000| Untracked 
|  33|0x0000000086f00000, 0x0000000086f00000, 0x0000000087000000|  0%| F|  |TAMS 0x0000000086f00000, 0x0000000086f00000| Untracked 
|  34|0x0000000087000000, 0x0000000087000000, 0x0000000087100000|  0%| F|  |TAMS 0x0000000087000000, 0x0000000087000000| Untracked 
|  35|0x0000000087100000, 0x0000000087100000, 0x0000000087200000|  0%| F|  |TAMS 0x0000000087100000, 0x0000000087100000| Untracked 
|  36|0x0000000087200000, 0x0000000087200000, 0x0000000087300000|  0%| F|  |TAMS 0x0000000087200000, 0x0000000087200000| Untracked 
|  37|0x0000000087300000, 0x0000000087300000, 0x0000000087400000|  0%| F|  |TAMS 0x0000000087300000, 0x0000000087300000| Untracked 
|  38|0x0000000087400000, 0x0000000087400000, 0x0000000087500000|  0%| F|  |TAMS 0x0000000087400000, 0x0000000087400000| Untracked 
|  39|0x0000000087500000, 0x0000000087500000, 0x0000000087600000|  0%| F|  |TAMS 0x0000000087500000, 0x0000000087500000| Untracked 
|  40|0x0000000087600000, 0x0000000087600000, 0x0000000087700000|  0%| F|  |TAMS 0x0000000087600000, 0x0000000087600000| Untracked 
|  41|0x0000000087700000, 0x0000000087700000, 0x0000000087800000|  0%| F|  |TAMS 0x0000000087700000, 0x0000000087700000| Untracked 
|  42|0x0000000087800000, 0x0000000087800000, 0x0000000087900000|  0%| F|  |TAMS 0x0000000087800000, 0x0000000087800000| Untracked 
|  43|0x0000000087900000, 0x0000000087900000, 0x0000000087a00000|  0%| F|  |TAMS 0x0000000087900000, 0x0000000087900000| Untracked 
|  44|0x0000000087a00000, 0x0000000087a00000, 0x0000000087b00000|  0%| F|  |TAMS 0x0000000087a00000, 0x0000000087a00000| Untracked 
|  45|0x0000000087b00000, 0x0000000087b00000, 0x0000000087c00000|  0%| F|  |TAMS 0x0000000087b00000, 0x0000000087b00000| Untracked 
|  46|0x0000000087c00000, 0x0000000087c00000, 0x0000000087d00000|  0%| F|  |TAMS 0x0000000087c00000, 0x0000000087c00000| Untracked 
|  47|0x0000000087d00000, 0x0000000087d00000, 0x0000000087e00000|  0%| F|  |TAMS 0x0000000087d00000, 0x0000000087d00000| Untracked 
|  48|0x0000000087e00000, 0x0000000087e00000, 0x0000000087f00000|  0%| F|  |TAMS 0x0000000087e00000, 0x0000000087e00000| Untracked 
|  49|0x0000000087f00000, 0x0000000087f00000, 0x0000000088000000|  0%| F|  |TAMS 0x0000000087f00000, 0x0000000087f00000| Untracked 
|  50|0x0000000088000000, 0x0000000088000000, 0x0000000088100000|  0%| F|  |TAMS 0x0000000088000000, 0x0000000088000000| Untracked 
|  51|0x0000000088100000, 0x0000000088100000, 0x0000000088200000|  0%| F|  |TAMS 0x0000000088100000, 0x0000000088100000| Untracked 
|  52|0x0000000088200000, 0x0000000088200000, 0x0000000088300000|  0%| F|  |TAMS 0x0000000088200000, 0x0000000088200000| Untracked 
|  53|0x0000000088300000, 0x0000000088300000, 0x0000000088400000|  0%| F|  |TAMS 0x0000000088300000, 0x0000000088300000| Untracked 
|  54|0x0000000088400000, 0x0000000088400000, 0x0000000088500000|  0%| F|  |TAMS 0x0000000088400000, 0x0000000088400000| Untracked 
|  55|0x0000000088500000, 0x0000000088500000, 0x0000000088600000|  0%| F|  |TAMS 0x0000000088500000, 0x0000000088500000| Untracked 
|  56|0x0000000088600000, 0x0000000088600000, 0x0000000088700000|  0%| F|  |TAMS 0x0000000088600000, 0x0000000088600000| Untracked 
|  57|0x0000000088700000, 0x0000000088700000, 0x0000000088800000|  0%| F|  |TAMS 0x0000000088700000, 0x0000000088700000| Untracked 
|  58|0x0000000088800000, 0x0000000088800000, 0x0000000088900000|  0%| F|  |TAMS 0x0000000088800000, 0x0000000088800000| Untracked 
|  59|0x0000000088900000, 0x0000000088900000, 0x0000000088a00000|  0%| F|  |TAMS 0x0000000088900000, 0x0000000088900000| Untracked 
|  60|0x0000000088a00000, 0x0000000088a00000, 0x0000000088b00000|  0%| F|  |TAMS 0x0000000088a00000, 0x0000000088a00000| Untracked 
|  61|0x0000000088b00000, 0x0000000088b00000, 0x0000000088c00000|  0%| F|  |TAMS 0x0000000088b00000, 0x0000000088b00000| Untracked 
|  62|0x0000000088c00000, 0x0000000088c00000, 0x0000000088d00000|  0%| F|  |TAMS 0x0000000088c00000, 0x0000000088c00000| Untracked 
|  63|0x0000000088d00000, 0x0000000088d00000, 0x0000000088e00000|  0%| F|  |TAMS 0x0000000088d00000, 0x0000000088d00000| Untracked 
|  64|0x0000000088e00000, 0x0000000088e00000, 0x0000000088f00000|  0%| F|  |TAMS 0x0000000088e00000, 0x0000000088e00000| Untracked 
|  65|0x0000000088f00000, 0x0000000088f00000, 0x0000000089000000|  0%| F|  |TAMS 0x0000000088f00000, 0x0000000088f00000| Untracked 
|  66|0x0000000089000000, 0x0000000089000000, 0x0000000089100000|  0%| F|  |TAMS 0x0000000089000000, 0x0000000089000000| Untracked 
|  67|0x0000000089100000, 0x0000000089100000, 0x0000000089200000|  0%| F|  |TAMS 0x0000000089100000, 0x0000000089100000| Untracked 
|  68|0x0000000089200000, 0x0000000089200000, 0x0000000089300000|  0%| F|  |TAMS 0x0000000089200000, 0x0000000089200000| Untracked 
|  69|0x0000000089300000, 0x0000000089300000, 0x0000000089400000|  0%| F|  |TAMS 0x0000000089300000, 0x0000000089300000| Untracked 
|  70|0x0000000089400000, 0x0000000089400000, 0x0000000089500000|  0%| F|  |TAMS 0x0000000089400000, 0x0000000089400000| Untracked 
|  71|0x0000000089500000, 0x0000000089500000, 0x0000000089600000|  0%| F|  |TAMS 0x0000000089500000, 0x0000000089500000| Untracked 
|  72|0x0000000089600000, 0x0000000089600000, 0x0000000089700000|  0%| F|  |TAMS 0x0000000089600000, 0x0000000089600000| Untracked 
|  73|0x0000000089700000, 0x0000000089700000, 0x0000000089800000|  0%| F|  |TAMS 0x0000000089700000, 0x0000000089700000| Untracked 
|  74|0x0000000089800000, 0x0000000089800000, 0x0000000089900000|  0%| F|  |TAMS 0x0000000089800000, 0x0000000089800000| Untracked 
|  75|0x0000000089900000, 0x0000000089900000, 0x0000000089a00000|  0%| F|  |TAMS 0x0000000089900000, 0x0000000089900000| Untracked 
|  76|0x0000000089a00000, 0x0000000089a00000, 0x0000000089b00000|  0%| F|  |TAMS 0x0000000089a00000, 0x0000000089a00000| Untracked 
|  77|0x0000000089b00000, 0x0000000089b00000, 0x0000000089c00000|  0%| F|  |TAMS 0x0000000089b00000, 0x0000000089b00000| Untracked 
|  78|0x0000000089c00000, 0x0000000089c00000, 0x0000000089d00000|  0%| F|  |TAMS 0x0000000089c00000, 0x0000000089c00000| Untracked 
|  79|0x0000000089d00000, 0x0000000089d00000, 0x0000000089e00000|  0%| F|  |TAMS 0x0000000089d00000, 0x0000000089d00000| Untracked 
|  80|0x0000000089e00000, 0x0000000089e00000, 0x0000000089f00000|  0%| F|  |TAMS 0x0000000089e00000, 0x0000000089e00000| Untracked 
|  81|0x0000000089f00000, 0x0000000089f00000, 0x000000008a000000|  0%| F|  |TAMS 0x0000000089f00000, 0x0000000089f00000| Untracked 
|  82|0x000000008a000000, 0x000000008a000000, 0x000000008a100000|  0%| F|  |TAMS 0x000000008a000000, 0x000000008a000000| Untracked 
|  83|0x000000008a100000, 0x000000008a100000, 0x000000008a200000|  0%| F|  |TAMS 0x000000008a100000, 0x000000008a100000| Untracked 
|  84|0x000000008a200000, 0x000000008a200000, 0x000000008a300000|  0%| F|  |TAMS 0x000000008a200000, 0x000000008a200000| Untracked 
|  85|0x000000008a300000, 0x000000008a300000, 0x000000008a400000|  0%| F|  |TAMS 0x000000008a300000, 0x000000008a300000| Untracked 
|  86|0x000000008a400000, 0x000000008a400000, 0x000000008a500000|  0%| F|  |TAMS 0x000000008a400000, 0x000000008a400000| Untracked 
|  87|0x000000008a500000, 0x000000008a500000, 0x000000008a600000|  0%| F|  |TAMS 0x000000008a500000, 0x000000008a500000| Untracked 
|  88|0x000000008a600000, 0x000000008a600000, 0x000000008a700000|  0%| F|  |TAMS 0x000000008a600000, 0x000000008a600000| Untracked 
|  89|0x000000008a700000, 0x000000008a700000, 0x000000008a800000|  0%| F|  |TAMS 0x000000008a700000, 0x000000008a700000| Untracked 
|  90|0x000000008a800000, 0x000000008a800000, 0x000000008a900000|  0%| F|  |TAMS 0x000000008a800000, 0x000000008a800000| Untracked 
|  91|0x000000008a900000, 0x000000008a900000, 0x000000008aa00000|  0%| F|  |TAMS 0x000000008a900000, 0x000000008a900000| Untracked 
|  92|0x000000008aa00000, 0x000000008aa00000, 0x000000008ab00000|  0%| F|  |TAMS 0x000000008aa00000, 0x000000008aa00000| Untracked 
|  93|0x000000008ab00000, 0x000000008ab00000, 0x000000008ac00000|  0%| F|  |TAMS 0x000000008ab00000, 0x000000008ab00000| Untracked 
|  94|0x000000008ac00000, 0x000000008ac00000, 0x000000008ad00000|  0%| F|  |TAMS 0x000000008ac00000, 0x000000008ac00000| Untracked 
|  95|0x000000008ad00000, 0x000000008ad00000, 0x000000008ae00000|  0%| F|  |TAMS 0x000000008ad00000, 0x000000008ad00000| Untracked 
|  96|0x000000008ae00000, 0x000000008ae00000, 0x000000008af00000|  0%| F|  |TAMS 0x000000008ae00000, 0x000000008ae00000| Untracked 
|  97|0x000000008af00000, 0x000000008af00000, 0x000000008b000000|  0%| F|  |TAMS 0x000000008af00000, 0x000000008af00000| Untracked 
|  98|0x000000008b000000, 0x000000008b000000, 0x000000008b100000|  0%| F|  |TAMS 0x000000008b000000, 0x000000008b000000| Untracked 
|  99|0x000000008b100000, 0x000000008b100000, 0x000000008b200000|  0%| F|  |TAMS 0x000000008b100000, 0x000000008b100000| Untracked 
| 100|0x000000008b200000, 0x000000008b200000, 0x000000008b300000|  0%| F|  |TAMS 0x000000008b200000, 0x000000008b200000| Untracked 
| 101|0x000000008b300000, 0x000000008b300000, 0x000000008b400000|  0%| F|  |TAMS 0x000000008b300000, 0x000000008b300000| Untracked 
| 102|0x000000008b400000, 0x000000008b400000, 0x000000008b500000|  0%| F|  |TAMS 0x000000008b400000, 0x000000008b400000| Untracked 
| 103|0x000000008b500000, 0x000000008b500000, 0x000000008b600000|  0%| F|  |TAMS 0x000000008b500000, 0x000000008b500000| Untracked 
| 104|0x000000008b600000, 0x000000008b600000, 0x000000008b700000|  0%| F|  |TAMS 0x000000008b600000, 0x000000008b600000| Untracked 
| 105|0x000000008b700000, 0x000000008b700000, 0x000000008b800000|  0%| F|  |TAMS 0x000000008b700000, 0x000000008b700000| Untracked 
| 106|0x000000008b800000, 0x000000008b800000, 0x000000008b900000|  0%| F|  |TAMS 0x000000008b800000, 0x000000008b800000| Untracked 
| 107|0x000000008b900000, 0x000000008b900000, 0x000000008ba00000|  0%| F|  |TAMS 0x000000008b900000, 0x000000008b900000| Untracked 
| 108|0x000000008ba00000, 0x000000008ba00000, 0x000000008bb00000|  0%| F|  |TAMS 0x000000008ba00000, 0x000000008ba00000| Untracked 
| 109|0x000000008bb00000, 0x000000008bb00000, 0x000000008bc00000|  0%| F|  |TAMS 0x000000008bb00000, 0x000000008bb00000| Untracked 
| 110|0x000000008bc00000, 0x000000008bc00000, 0x000000008bd00000|  0%| F|  |TAMS 0x000000008bc00000, 0x000000008bc00000| Untracked 
| 111|0x000000008bd00000, 0x000000008bdd7920, 0x000000008be00000| 84%| E|  |TAMS 0x000000008bd00000, 0x000000008bd00000| Complete 
| 112|0x000000008be00000, 0x000000008bf00000, 0x000000008bf00000|100%| E|CS|TAMS 0x000000008be00000, 0x000000008be00000| Complete 
| 113|0x000000008bf00000, 0x000000008c000000, 0x000000008c000000|100%| E|CS|TAMS 0x000000008bf00000, 0x000000008bf00000| Complete 
| 114|0x000000008c000000, 0x000000008c100000, 0x000000008c100000|100%| E|CS|TAMS 0x000000008c000000, 0x000000008c000000| Complete 
| 115|0x000000008c100000, 0x000000008c200000, 0x000000008c200000|100%| E|CS|TAMS 0x000000008c100000, 0x000000008c100000| Complete 
| 116|0x000000008c200000, 0x000000008c300000, 0x000000008c300000|100%| E|CS|TAMS 0x000000008c200000, 0x000000008c200000| Complete 
| 117|0x000000008c300000, 0x000000008c400000, 0x000000008c400000|100%| E|CS|TAMS 0x000000008c300000, 0x000000008c300000| Complete 
| 118|0x000000008c400000, 0x000000008c500000, 0x000000008c500000|100%| E|CS|TAMS 0x000000008c400000, 0x000000008c400000| Complete 
| 119|0x000000008c500000, 0x000000008c600000, 0x000000008c600000|100%| E|CS|TAMS 0x000000008c500000, 0x000000008c500000| Complete 
| 120|0x000000008c600000, 0x000000008c700000, 0x000000008c700000|100%| E|CS|TAMS 0x000000008c600000, 0x000000008c600000| Complete 
| 121|0x000000008c700000, 0x000000008c800000, 0x000000008c800000|100%| E|CS|TAMS 0x000000008c700000, 0x000000008c700000| Complete 
| 122|0x000000008c800000, 0x000000008c900000, 0x000000008c900000|100%| E|CS|TAMS 0x000000008c800000, 0x000000008c800000| Complete 
| 123|0x000000008c900000, 0x000000008ca00000, 0x000000008ca00000|100%| E|CS|TAMS 0x000000008c900000, 0x000000008c900000| Complete 

Card table byte_map: [0x00007f6060f13000,0x00007f60612ec000] _byte_map_base: 0x00007f6060aec000

Marking Bits (Prev, Next): (CMBitMap*) 0x00007f605c061ed8, (CMBitMap*) 0x00007f605c061f10
 Prev Bits: [0x00007f603e138000, 0x00007f6040000000)
 Next Bits: [0x00007f603c270000, 0x00007f603e138000)

Polling page: 0x00007f60656d9000

Metaspace:

Usage:
  Non-class:     13.41 MB capacity,    13.17 MB ( 98%) used,   179.46 KB (  1%) free+waste,    60.94 KB ( <1%) overhead. 
      Class:      1.83 MB capacity,     1.56 MB ( 85%) used,   240.00 KB ( 13%) free+waste,    32.62 KB (  2%) overhead. 
       Both:     15.23 MB capacity,    14.73 MB ( 97%) used,   419.46 KB (  3%) free+waste,    93.56 KB ( <1%) overhead. 

Virtual space:
  Non-class space:       14.00 MB reserved,      13.50 MB ( 96%) committed 
      Class space:        1.00 GB reserved,       1.88 MB ( <1%) committed 
             Both:        1.01 GB reserved,      15.38 MB (  1%) committed 

Chunk freelists:
   Non-Class:  0 bytes
       Class:  0 bytes
        Both:  0 bytes

CodeHeap 'non-profiled nmethods': size=120032Kb used=352Kb max_used=352Kb free=119679Kb
 bounds [0x00007f604c720000, 0x00007f604c990000, 0x00007f6053c58000]
CodeHeap 'profiled nmethods': size=120032Kb used=1518Kb max_used=1518Kb free=118513Kb
 bounds [0x00007f60451e8000, 0x00007f6045458000, 0x00007f604c720000]
CodeHeap 'non-nmethods': size=5696Kb used=1220Kb max_used=1246Kb free=4475Kb
 bounds [0x00007f6044c58000, 0x00007f6044ec8000, 0x00007f60451e8000]
 total_blobs=1712 nmethods=924 adapters=536
 compilation: enabled
              stopped_count=0, restarted_count=0
 full_count=0

Compilation events (10 events):
Event: 1.818 Thread 0x00007f605c16a000  919       3       java.lang.invoke.LambdaFormEditor::foldArgumentsForm (120 bytes)
Event: 1.820 Thread 0x00007f605c16a000 nmethod 919 0x00007f604535fd90 code [0x00007f604535ffc0, 0x00007f6045360648]
Event: 1.820 Thread 0x00007f605c16a000  920       3       jdk.internal.org.objectweb.asm.AnnotationWriter::put (109 bytes)
Event: 1.821 Thread 0x00007f605c168000  921       4       java.util.Arrays::equals (57 bytes)
Event: 1.821 Thread 0x00007f605c16a000 nmethod 920 0x00007f6045360910 code [0x00007f6045360b20, 0x00007f6045360f98]
Event: 1.822 Thread 0x00007f605c16a000  922       3       java.lang.invoke.InvokerBytecodeGenerator::<init> (108 bytes)
Event: 1.824 Thread 0x00007f605c16a000 nmethod 922 0x00007f6045361210 code [0x00007f6045361480, 0x00007f6045361fd8]
Event: 1.824 Thread 0x00007f605c16a000  923       3       java.lang.invoke.LambdaFormBuffer::clearDuplicatesAndNulls (268 bytes)
Event: 1.825 Thread 0x00007f605c168000 nmethod 921 0x00007f604c776d10 code [0x00007f604c776ea0, 0x00007f604c776ff8]
Event: 1.825 Thread 0x00007f605c168000  924       4       jdk.internal.org.objectweb.asm.ClassWriter::addType (39 bytes)

GC Heap History (0 events):
No events

Deoptimization events (2 events):
Event: 0.196 Thread 0x00007f605c011800 Uncommon trap: reason=class_check action=maybe_recompile pc=0x00007f604c72f2ac method=java.util.HashMap.putVal(ILjava/lang/Object;Ljava/lang/Object;ZZ)Ljava/lang/Object; @ 152 c2
Event: 0.416 Thread 0x00007f605c445800 Uncommon trap: reason=unstable_if action=reinterpret pc=0x00007f604c72f404 method=java.util.HashMap.putVal(ILjava/lang/Object;Ljava/lang/Object;ZZ)Ljava/lang/Object; @ 81 c2

Classes redefined (0 events):
No events

Internal exceptions (10 events):
Event: 0.645 Thread 0x00007f605c445800 Exception <a 'java/lang/NoSuchMethodError'{0x000000008c02ad10}: java.lang.invoke.DirectMethodHandle$Holder.invokeSpecial(Ljava/lang/Object;Ljava/lang/Object;IILjava/lang/Object;Ljava/lang/Object;Ljava/lang/Object;Ljava/lang/Object;Ljava/lang/Object;)Ljava
Event: 0.645 Thread 0x00007f605c445800 Exception <a 'java/lang/NoSuchMethodError'{0x000000008c02e998}: java.lang.invoke.DelegatingMethodHandle$Holder.reinvoke_L(Ljava/lang/Object;IILjava/lang/Object;Ljava/lang/Object;Ljava/lang/Object;Ljava/lang/Object;Ljava/lang/Object;)Ljava/lang/Object;> (0
Event: 0.659 Thread 0x00007f605c445800 Exception <a 'java/lang/NoSuchMethodError'{0x000000008c0ce360}: java.lang.invoke.Invokers$Holder.linkToTargetMethod(Ljava/lang/Object;Ljava/lang/Object;Ljava/lang/Object;Ljava/lang/Object;Ljava/lang/Object;Ljava/lang/Object;)Ljava/lang/Object;> (0x0000000
Event: 0.668 Thread 0x00007f605c445800 Exception <a 'java/lang/NoSuchMethodError'{0x000000008bf3b440}: java.lang.invoke.DirectMethodHandle$Holder.invokeSpecial(Ljava/lang/Object;Ljava/lang/Object;IILjava/lang/Object;Ljava/lang/Object;Ljava/lang/Object;Ljava/lang/Object;)Ljava/lang/Object;> (0x
Event: 0.668 Thread 0x00007f605c445800 Exception <a 'java/lang/NoSuchMethodError'{0x000000008bf3ee20}: java.lang.invoke.DelegatingMethodHandle$Holder.reinvoke_L(Ljava/lang/Object;IILjava/lang/Object;Ljava/lang/Object;Ljava/lang/Object;Ljava/lang/Object;)Ljava/lang/Object;> (0x000000008bf3ee20)
Event: 0.771 Thread 0x00007f605c445800 Exception <a 'java/lang/NoSuchMethodError'{0x000000008bef6430}: java.lang.invoke.DirectMethodHandle$Holder.invokeStatic(Ljava/lang/Object;Ljava/lang/Object;Ljava/lang/Object;Ljava/lang/Object;Ljava/lang/Object;Ljava/lang/Object;Ljava/lang/Object;Ljava/lan
Event: 0.774 Thread 0x00007f605c445800 Exception <a 'java/lang/NoSuchMethodError'{0x000000008bd14840}: java.lang.invoke.DirectMethodHandle$Holder.invokeStatic(Ljava/lang/Object;Ljava/lang/Object;Ljava/lang/Object;Ljava/lang/Object;Ljava/lang/Object;Ljava/lang/Object;Ljava/lang/Object;Ljava/lan
Event: 0.785 Thread 0x00007f605c445800 Exception <a 'java/lang/NoSuchMethodError'{0x000000008bd332c0}: java.lang.invoke.DirectMethodHandle$Holder.invokeStatic(Ljava/lang/Object;Ljava/lang/Object;Ljava/lang/Object;Ljava/lang/Object;Ljava/lang/Object;Ljava/lang/Object;Ljava/lang/Object;Ljava/lan
Event: 0.787 Thread 0x00007f605c445800 Exception <a 'java/lang/NoSuchMethodError'{0x000000008bd535f8}: java.lang.invoke.DirectMethodHandle$Holder.invokeStatic(Ljava/lang/Object;Ljava/lang/Object;Ljava/lang/Object;Ljava/lang/Object;Ljava/lang/Object;Ljava/lang/Object;Ljava/lang/Object;Ljava/lan
Event: 0.967 Thread 0x00007f605c445800 Exception <a 'java/lang/UnsupportedOperationException'{0x000000008bd8a350}: > (0x000000008bd8a350) thrown at [/scratch/opt/mach5/mesos/work_dir/slaves/07fc96ef-bf4d-487f-b22f-a84e49f5f44a-S39073/frameworks/1735e8a2-a1db-478c-8104-60c8b0af87dd-0196/executo

Events (10 events):
Event: 1.815 loading class sun/awt/X11/XButtonEvent
Event: 1.815 loading class sun/awt/X11/XButtonEvent done
Event: 1.817 loading class java/awt/MouseInfo
Event: 1.817 loading class java/awt/MouseInfo done
Event: 1.817 loading class sun/awt/X11/XMouseInfoPeer
Event: 1.817 loading class java/awt/peer/MouseInfoPeer
Event: 1.817 loading class java/awt/peer/MouseInfoPeer done
Event: 1.817 loading class sun/awt/X11/XMouseInfoPeer done
Event: 1.817 loading class java/awt/PointerInfo
Event: 1.817 loading class java/awt/PointerInfo done


Dynamic libraries:
00400000-00401000 r-xp 00000000 08:02 17956903                           /home/gk/Downloads/jdk-11.0.2/bin/java
00600000-00601000 r--p 00000000 08:02 17956903                           /home/gk/Downloads/jdk-11.0.2/bin/java
00601000-00602000 rw-p 00001000 08:02 17956903                           /home/gk/Downloads/jdk-11.0.2/bin/java
00ba0000-00bc1000 rw-p 00000000 00:00 0                                  [heap]
84e00000-8ca00000 rw-p 00000000 00:00 0 
8ca00000-100000000 ---p 00000000 00:00 0 
100000000-1001e0000 rw-p 00000000 00:00 0 
1001e0000-140000000 ---p 00000000 00:00 0 
7f5fd8000000-7f5fd83a6000 rw-p 00000000 00:00 0 
7f5fd83a6000-7f5fdc000000 ---p 00000000 00:00 0 
7f5fdc000000-7f5fdc680000 rw-p 00000000 00:00 0 
7f5fdc680000-7f5fe0000000 ---p 00000000 00:00 0 
7f5fe0000000-7f5fe0021000 rw-p 00000000 00:00 0 
7f5fe0021000-7f5fe4000000 ---p 00000000 00:00 0 
7f5fe4000000-7f5fe4021000 rw-p 00000000 00:00 0 
7f5fe4021000-7f5fe8000000 ---p 00000000 00:00 0 
7f5fe8000000-7f5fe8021000 rw-p 00000000 00:00 0 
7f5fe8021000-7f5fec000000 ---p 00000000 00:00 0 
7f5fec000000-7f5fec021000 rw-p 00000000 00:00 0 
7f5fec021000-7f5ff0000000 ---p 00000000 00:00 0 
7f5ff0000000-7f5ff0021000 rw-p 00000000 00:00 0 
7f5ff0021000-7f5ff4000000 ---p 00000000 00:00 0 
7f5ff647a000-7f5ff697a000 rw-p 00000000 00:00 0 
7f5ff697a000-7f5ff69fa000 ---p 00000000 00:00 0 
7f5ff69fa000-7f5ff6bfa000 rw-p 00000000 00:00 0 
7f5ff6bfa000-7f5ff6bfe000 ---p 00000000 00:00 0 
7f5ff6bfe000-7f5ff6cfb000 rw-p 00000000 00:00 0 
7f5ff6cfb000-7f5ff6cff000 ---p 00000000 00:00 0 
7f5ff6cff000-7f5ff6dfc000 rw-p 00000000 00:00 0 
7f5ff6dfc000-7f5ff6e00000 ---p 00000000 00:00 0 
7f5ff6e00000-7f5ff6efd000 rw-p 00000000 00:00 0 
7f5ff6efd000-7f5ff6f01000 ---p 00000000 00:00 0 
7f5ff6f01000-7f5ff6ffe000 rw-p 00000000 00:00 0 
7f5ff6ffe000-7f5ff6fff000 ---p 00000000 00:00 0 
7f5ff6fff000-7f5ff77ff000 rw-p 00000000 00:00 0 
7f5ff77ff000-7f5ff7800000 ---p 00000000 00:00 0 
7f5ff7800000-7f5ff8000000 rw-p 00000000 00:00 0 
7f5ff8000000-7f5ff8021000 rw-p 00000000 00:00 0 
7f5ff8021000-7f5ffc000000 ---p 00000000 00:00 0 
7f5ffc000000-7f5ffc021000 rw-p 00000000 00:00 0 
7f5ffc021000-7f6000000000 ---p 00000000 00:00 0 
7f60000e3000-7f60000e7000 ---p 00000000 00:00 0 
7f60000e7000-7f60001e4000 rw-p 00000000 00:00 0 
7f60001e4000-7f60001e9000 r-xp 00000000 08:02 8134181                    /usr/lib/x86_64-linux-gnu/libXfixes.so.3.1.0
7f60001e9000-7f60003e8000 ---p 00005000 08:02 8134181                    /usr/lib/x86_64-linux-gnu/libXfixes.so.3.1.0
7f60003e8000-7f60003e9000 r--p 00004000 08:02 8134181                    /usr/lib/x86_64-linux-gnu/libXfixes.so.3.1.0
7f60003e9000-7f60003ea000 rw-p 00005000 08:02 8134181                    /usr/lib/x86_64-linux-gnu/libXfixes.so.3.1.0
7f60003ea000-7f60003f3000 r-xp 00000000 08:02 8134173                    /usr/lib/x86_64-linux-gnu/libXcursor.so.1.0.2
7f60003f3000-7f60005f2000 ---p 00009000 08:02 8134173                    /usr/lib/x86_64-linux-gnu/libXcursor.so.1.0.2
7f60005f2000-7f60005f3000 r--p 00008000 08:02 8134173                    /usr/lib/x86_64-linux-gnu/libXcursor.so.1.0.2
7f60005f3000-7f60005f4000 rw-p 00009000 08:02 8134173                    /usr/lib/x86_64-linux-gnu/libXcursor.so.1.0.2
7f60005f4000-7f60005f5000 ---p 00000000 00:00 0 
7f60005f5000-7f6000df5000 rw-p 00000000 00:00 0 
7f6000df5000-7f6000e0c000 r-xp 00000000 08:02 9835436                    /lib/x86_64-linux-gnu/libgcc_s.so.1
7f6000e0c000-7f600100b000 ---p 00017000 08:02 9835436                    /lib/x86_64-linux-gnu/libgcc_s.so.1
7f600100b000-7f600100c000 r--p 00016000 08:02 9835436                    /lib/x86_64-linux-gnu/libgcc_s.so.1
7f600100c000-7f600100d000 rw-p 00017000 08:02 9835436                    /lib/x86_64-linux-gnu/libgcc_s.so.1
7f600100d000-7f6001186000 r-xp 00000000 08:02 8135480                    /usr/lib/x86_64-linux-gnu/libstdc++.so.6.0.25
7f6001186000-7f6001386000 ---p 00179000 08:02 8135480                    /usr/lib/x86_64-linux-gnu/libstdc++.so.6.0.25
7f6001386000-7f6001390000 r--p 00179000 08:02 8135480                    /usr/lib/x86_64-linux-gnu/libstdc++.so.6.0.25
7f6001390000-7f6001392000 rw-p 00183000 08:02 8135480                    /usr/lib/x86_64-linux-gnu/libstdc++.so.6.0.25
7f6001392000-7f6001396000 rw-p 00000000 00:00 0 
7f6001396000-7f60013b4000 r-xp 00000000 08:02 8135293                    /usr/lib/x86_64-linux-gnu/libproxy.so.1.0.0
7f60013b4000-7f60015b4000 ---p 0001e000 08:02 8135293                    /usr/lib/x86_64-linux-gnu/libproxy.so.1.0.0
7f60015b4000-7f60015b5000 r--p 0001e000 08:02 8135293                    /usr/lib/x86_64-linux-gnu/libproxy.so.1.0.0
7f60015b5000-7f60015b6000 rw-p 0001f000 08:02 8135293                    /usr/lib/x86_64-linux-gnu/libproxy.so.1.0.0
7f60015ba000-7f60017ba000 rw-p 00000000 00:00 0 
7f60017ba000-7f60017c6000 r-xp 00000000 08:02 8389709                    /usr/lib/x86_64-linux-gnu/gio/modules/libdconfsettings.so
7f60017c6000-7f60019c5000 ---p 0000c000 08:02 8389709                    /usr/lib/x86_64-linux-gnu/gio/modules/libdconfsettings.so
7f60019c5000-7f60019c6000 r--p 0000b000 08:02 8389709                    /usr/lib/x86_64-linux-gnu/gio/modules/libdconfsettings.so
7f60019c6000-7f60019c7000 rw-p 0000c000 08:02 8389709                    /usr/lib/x86_64-linux-gnu/gio/modules/libdconfsettings.so
7f60019c7000-7f60019cd000 r-xp 00000000 08:02 9835557                    /lib/x86_64-linux-gnu/libuuid.so.1.3.0
7f60019cd000-7f6001bcc000 ---p 00006000 08:02 9835557                    /lib/x86_64-linux-gnu/libuuid.so.1.3.0
7f6001bcc000-7f6001bcd000 r--p 00005000 08:02 9835557                    /lib/x86_64-linux-gnu/libuuid.so.1.3.0
7f6001bcd000-7f6001bce000 rw-p 00006000 08:02 9835557                    /lib/x86_64-linux-gnu/libuuid.so.1.3.0
7f6001bce000-7f6001c15000 r-xp 00000000 08:02 9835565                    /lib/x86_64-linux-gnu/libblkid.so.1.1.0
7f6001c15000-7f6001e15000 ---p 00047000 08:02 9835565                    /lib/x86_64-linux-gnu/libblkid.so.1.1.0
7f6001e15000-7f6001e19000 r--p 00047000 08:02 9835565                    /lib/x86_64-linux-gnu/libblkid.so.1.1.0
7f6001e19000-7f6001e1a000 rw-p 0004b000 08:02 9835565                    /lib/x86_64-linux-gnu/libblkid.so.1.1.0
7f6001e1a000-7f6001e1b000 rw-p 00000000 00:00 0 
7f6001e1b000-7f6001e8b000 r-xp 00000000 08:02 9835520                    /lib/x86_64-linux-gnu/libpcre.so.3.13.3
7f6001e8b000-7f600208b000 ---p 00070000 08:02 9835520                    /lib/x86_64-linux-gnu/libpcre.so.3.13.3
7f600208b000-7f600208c000 r--p 00070000 08:02 9835520                    /lib/x86_64-linux-gnu/libpcre.so.3.13.3
7f600208c000-7f600208d000 rw-p 00071000 08:02 9835520                    /lib/x86_64-linux-gnu/libpcre.so.3.13.3
7f600208d000-7f6002094000 r-xp 00000000 08:02 8134563                    /usr/lib/x86_64-linux-gnu/libffi.so.6.0.4
7f6002094000-7f6002293000 ---p 00007000 08:02 8134563                    /usr/lib/x86_64-linux-gnu/libffi.so.6.0.4
7f6002293000-7f6002294000 r--p 00006000 08:02 8134563                    /usr/lib/x86_64-linux-gnu/libffi.so.6.0.4
7f6002294000-7f6002295000 rw-p 00007000 08:02 8134563                    /usr/lib/x86_64-linux-gnu/libffi.so.6.0.4
7f6002295000-7f60022e6000 r-xp 00000000 08:02 9835432                    /lib/x86_64-linux-gnu/libmount.so.1.1.0
7f60022e6000-7f60024e5000 ---p 00051000 08:02 9835432                    /lib/x86_64-linux-gnu/libmount.so.1.1.0
7f60024e5000-7f60024e7000 r--p 00050000 08:02 9835432                    /lib/x86_64-linux-gnu/libmount.so.1.1.0
7f60024e7000-7f60024e8000 rw-p 00052000 08:02 9835432                    /lib/x86_64-linux-gnu/libmount.so.1.1.0
7f60024e8000-7f60024e9000 rw-p 00000000 00:00 0 
7f60024e9000-7f6002500000 r-xp 00000000 08:02 9835537                    /lib/x86_64-linux-gnu/libresolv-2.27.so
7f6002500000-7f6002700000 ---p 00017000 08:02 9835537                    /lib/x86_64-linux-gnu/libresolv-2.27.so
7f6002700000-7f6002701000 r--p 00017000 08:02 9835537                    /lib/x86_64-linux-gnu/libresolv-2.27.so
7f6002701000-7f6002702000 rw-p 00018000 08:02 9835537                    /lib/x86_64-linux-gnu/libresolv-2.27.so
7f6002702000-7f6002704000 rw-p 00000000 00:00 0 
7f6002704000-7f6002729000 r-xp 00000000 08:02 9835543                    /lib/x86_64-linux-gnu/libselinux.so.1
7f6002729000-7f6002928000 ---p 00025000 08:02 9835543                    /lib/x86_64-linux-gnu/libselinux.so.1
7f6002928000-7f6002929000 r--p 00024000 08:02 9835543                    /lib/x86_64-linux-gnu/libselinux.so.1
7f6002929000-7f600292a000 rw-p 00025000 08:02 9835543                    /lib/x86_64-linux-gnu/libselinux.so.1
7f600292a000-7f600292c000 rw-p 00000000 00:00 0 
7f600292c000-7f6002a40000 r-xp 00000000 08:02 8134687                    /usr/lib/x86_64-linux-gnu/libglib-2.0.so.0.5600.4
7f6002a40000-7f6002c40000 ---p 00114000 08:02 8134687                    /usr/lib/x86_64-linux-gnu/libglib-2.0.so.0.5600.4
7f6002c40000-7f6002c41000 r--p 00114000 08:02 8134687                    /usr/lib/x86_64-linux-gnu/libglib-2.0.so.0.5600.4
7f6002c41000-7f6002c42000 rw-p 00115000 08:02 8134687                    /usr/lib/x86_64-linux-gnu/libglib-2.0.so.0.5600.4
7f6002c42000-7f6002c43000 rw-p 00000000 00:00 0 
7f6002c43000-7f6002c46000 r-xp 00000000 08:02 8134691                    /usr/lib/x86_64-linux-gnu/libgmodule-2.0.so.0.5600.4
7f6002c46000-7f6002e45000 ---p 00003000 08:02 8134691                    /usr/lib/x86_64-linux-gnu/libgmodule-2.0.so.0.5600.4
7f6002e45000-7f6002e46000 r--p 00002000 08:02 8134691                    /usr/lib/x86_64-linux-gnu/libgmodule-2.0.so.0.5600.4
7f6002e46000-7f6002e47000 rw-p 00003000 08:02 8134691                    /usr/lib/x86_64-linux-gnu/libgmodule-2.0.so.0.5600.4
7f6002e47000-7f6002e99000 r-xp 00000000 08:02 8134697                    /usr/lib/x86_64-linux-gnu/libgobject-2.0.so.0.5600.4
7f6002e99000-7f6003099000 ---p 00052000 08:02 8134697                    /usr/lib/x86_64-linux-gnu/libgobject-2.0.so.0.5600.4
7f6003099000-7f600309a000 r--p 00052000 08:02 8134697                    /usr/lib/x86_64-linux-gnu/libgobject-2.0.so.0.5600.4
7f600309a000-7f600309b000 rw-p 00053000 08:02 8134697                    /usr/lib/x86_64-linux-gnu/libgobject-2.0.so.0.5600.4
7f600309b000-7f6003230000 r-xp 00000000 08:02 8134679                    /usr/lib/x86_64-linux-gnu/libgio-2.0.so.0.5600.4
7f6003230000-7f6003430000 ---p 00195000 08:02 8134679                    /usr/lib/x86_64-linux-gnu/libgio-2.0.so.0.5600.4
7f6003430000-7f6003437000 r--p 00195000 08:02 8134679                    /usr/lib/x86_64-linux-gnu/libgio-2.0.so.0.5600.4
7f6003437000-7f6003438000 rw-p 0019c000 08:02 8134679                    /usr/lib/x86_64-linux-gnu/libgio-2.0.so.0.5600.4
7f6003438000-7f600343a000 rw-p 00000000 00:00 0 
7f600343a000-7f6003444000 r-xp 00000000 08:02 8134197                    /usr/lib/x86_64-linux-gnu/libXrandr.so.2.2.0
7f6003444000-7f6003643000 ---p 0000a000 08:02 8134197                    /usr/lib/x86_64-linux-gnu/libXrandr.so.2.2.0
7f6003643000-7f6003644000 r--p 00009000 08:02 8134197                    /usr/lib/x86_64-linux-gnu/libXrandr.so.2.2.0
7f6003644000-7f6003645000 rw-p 0000a000 08:02 8134197                    /usr/lib/x86_64-linux-gnu/libXrandr.so.2.2.0
7f6003645000-7f6003676000 r-xp 00000000 08:02 8135251                    /usr/lib/x86_64-linux-gnu/libpng16.so.16.34.0
7f6003676000-7f6003875000 ---p 00031000 08:02 8135251                    /usr/lib/x86_64-linux-gnu/libpng16.so.16.34.0
7f6003875000-7f6003876000 r--p 00030000 08:02 8135251                    /usr/lib/x86_64-linux-gnu/libpng16.so.16.34.0
7f6003876000-7f6003877000 rw-p 00031000 08:02 8135251                    /usr/lib/x86_64-linux-gnu/libpng16.so.16.34.0
7f6003877000-7f6003924000 r-xp 00000000 08:02 8134643                    /usr/lib/x86_64-linux-gnu/libfreetype.so.6.15.0
7f6003924000-7f6003b23000 ---p 000ad000 08:02 8134643                    /usr/lib/x86_64-linux-gnu/libfreetype.so.6.15.0
7f6003b23000-7f6003b2a000 r--p 000ac000 08:02 8134643                    /usr/lib/x86_64-linux-gnu/libfreetype.so.6.15.0
7f6003b2a000-7f6003b2b000 rw-p 000b3000 08:02 8134643                    /usr/lib/x86_64-linux-gnu/libfreetype.so.6.15.0
7f6003b2b000-7f6003be8000 r-xp 00000000 08:02 17957419                   /home/gk/Downloads/jdk-11.0.2/lib/libfontmanager.so
7f6003be8000-7f6003de7000 ---p 000bd000 08:02 17957419                   /home/gk/Downloads/jdk-11.0.2/lib/libfontmanager.so
7f6003de7000-7f6003de9000 r--p 000bc000 08:02 17957419                   /home/gk/Downloads/jdk-11.0.2/lib/libfontmanager.so
7f6003de9000-7f6003dea000 rw-p 000be000 08:02 17957419                   /home/gk/Downloads/jdk-11.0.2/lib/libfontmanager.so
7f6003dea000-7f6003deb000 rw-p 00000000 00:00 0 
7f6003deb000-7f6003dfe000 r-xp 00000000 08:02 9835395                    /lib/x86_64-linux-gnu/libbsd.so.0.8.7
7f6003dfe000-7f6003ffd000 ---p 00013000 08:02 9835395                    /lib/x86_64-linux-gnu/libbsd.so.0.8.7
7f6003ffd000-7f6003ffe000 r--p 00012000 08:02 9835395                    /lib/x86_64-linux-gnu/libbsd.so.0.8.7
7f6003ffe000-7f6003fff000 rw-p 00013000 08:02 9835395                    /lib/x86_64-linux-gnu/libbsd.so.0.8.7
7f6003fff000-7f6004000000 rw-p 00000000 00:00 0 
7f6004000000-7f6004021000 rw-p 00000000 00:00 0 
7f6004021000-7f6008000000 ---p 00000000 00:00 0 
7f6008000000-7f6008021000 rw-p 00000000 00:00 0 
7f6008021000-7f600c000000 ---p 00000000 00:00 0 
7f600c000000-7f600c402000 rw-p 00000000 00:00 0 
7f600c402000-7f6010000000 ---p 00000000 00:00 0 
7f6010000000-7f6010021000 rw-p 00000000 00:00 0 
7f6010021000-7f6014000000 ---p 00000000 00:00 0 
7f6014000000-7f6014021000 rw-p 00000000 00:00 0 
7f6014021000-7f6018000000 ---p 00000000 00:00 0 
7f6018000000-7f60187bc000 rw-p 00000000 00:00 0 
7f60187bc000-7f601c000000 ---p 00000000 00:00 0 
7f601c000000-7f601c021000 rw-p 00000000 00:00 0 
7f601c021000-7f6020000000 ---p 00000000 00:00 0 
7f6020000000-7f6020021000 rw-p 00000000 00:00 0 
7f6020021000-7f6024000000 ---p 00000000 00:00 0 
7f6024000000-7f6024021000 rw-p 00000000 00:00 0 
7f6024021000-7f6028000000 ---p 00000000 00:00 0 
7f6028000000-7f6028021000 rw-p 00000000 00:00 0 
7f6028021000-7f602c000000 ---p 00000000 00:00 0 
7f602c000000-7f602c021000 rw-p 00000000 00:00 0 
7f602c021000-7f6030000000 ---p 00000000 00:00 0 
7f6030000000-7f6030021000 rw-p 00000000 00:00 0 
7f6030021000-7f6034000000 ---p 00000000 00:00 0 
7f6034001000-7f6034006000 r-xp 00000000 08:02 8134177                    /usr/lib/x86_64-linux-gnu/libXdmcp.so.6.0.0
7f6034006000-7f6034205000 ---p 00005000 08:02 8134177                    /usr/lib/x86_64-linux-gnu/libXdmcp.so.6.0.0
7f6034205000-7f6034206000 r--p 00004000 08:02 8134177                    /usr/lib/x86_64-linux-gnu/libXdmcp.so.6.0.0
7f6034206000-7f6034207000 rw-p 00005000 08:02 8134177                    /usr/lib/x86_64-linux-gnu/libXdmcp.so.6.0.0
7f6034207000-7f6034209000 r-xp 00000000 08:02 8134166                    /usr/lib/x86_64-linux-gnu/libXau.so.6.0.0
7f6034209000-7f6034409000 ---p 00002000 08:02 8134166                    /usr/lib/x86_64-linux-gnu/libXau.so.6.0.0
7f6034409000-7f603440a000 r--p 00002000 08:02 8134166                    /usr/lib/x86_64-linux-gnu/libXau.so.6.0.0
7f603440a000-7f603440b000 rw-p 00003000 08:02 8134166                    /usr/lib/x86_64-linux-gnu/libXau.so.6.0.0
7f603440b000-7f6034431000 r-xp 00000000 08:02 8135733                    /usr/lib/x86_64-linux-gnu/libxcb.so.1.1.0
7f6034431000-7f6034631000 ---p 00026000 08:02 8135733                    /usr/lib/x86_64-linux-gnu/libxcb.so.1.1.0
7f6034631000-7f6034632000 r--p 00026000 08:02 8135733                    /usr/lib/x86_64-linux-gnu/libxcb.so.1.1.0
7f6034632000-7f6034633000 rw-p 00027000 08:02 8135733                    /usr/lib/x86_64-linux-gnu/libxcb.so.1.1.0
7f6034633000-7f6034642000 r-xp 00000000 08:02 8134187                    /usr/lib/x86_64-linux-gnu/libXi.so.6.1.0
7f6034642000-7f6034841000 ---p 0000f000 08:02 8134187                    /usr/lib/x86_64-linux-gnu/libXi.so.6.1.0
7f6034841000-7f6034842000 r--p 0000e000 08:02 8134187                    /usr/lib/x86_64-linux-gnu/libXi.so.6.1.0
7f6034842000-7f6034843000 rw-p 0000f000 08:02 8134187                    /usr/lib/x86_64-linux-gnu/libXi.so.6.1.0
7f6034843000-7f6034848000 r-xp 00000000 08:02 8134205                    /usr/lib/x86_64-linux-gnu/libXtst.so.6.1.0
7f6034848000-7f6034a47000 ---p 00005000 08:02 8134205                    /usr/lib/x86_64-linux-gnu/libXtst.so.6.1.0
7f6034a47000-7f6034a48000 r--p 00004000 08:02 8134205                    /usr/lib/x86_64-linux-gnu/libXtst.so.6.1.0
7f6034a48000-7f6034a49000 rw-p 00005000 08:02 8134205                    /usr/lib/x86_64-linux-gnu/libXtst.so.6.1.0
7f6034a49000-7f6034a52000 r-xp 00000000 08:02 8134199                    /usr/lib/x86_64-linux-gnu/libXrender.so.1.3.0
7f6034a52000-7f6034c51000 ---p 00009000 08:02 8134199                    /usr/lib/x86_64-linux-gnu/libXrender.so.1.3.0
7f6034c51000-7f6034c52000 r--p 00008000 08:02 8134199                    /usr/lib/x86_64-linux-gnu/libXrender.so.1.3.0
7f6034c52000-7f6034c53000 rw-p 00009000 08:02 8134199                    /usr/lib/x86_64-linux-gnu/libXrender.so.1.3.0
7f6034c53000-7f6034d86000 r-xp 00000000 08:02 8134164                    /usr/lib/x86_64-linux-gnu/libX11.so.6.3.0
7f6034d86000-7f6034f86000 ---p 00133000 08:02 8134164                    /usr/lib/x86_64-linux-gnu/libX11.so.6.3.0
7f6034f86000-7f6034f87000 r--p 00133000 08:02 8134164                    /usr/lib/x86_64-linux-gnu/libX11.so.6.3.0
7f6034f87000-7f6034f8b000 rw-p 00134000 08:02 8134164                    /usr/lib/x86_64-linux-gnu/libX11.so.6.3.0
7f6034f8b000-7f6034f9c000 r-xp 00000000 08:02 8134179                    /usr/lib/x86_64-linux-gnu/libXext.so.6.4.0
7f6034f9c000-7f603519b000 ---p 00011000 08:02 8134179                    /usr/lib/x86_64-linux-gnu/libXext.so.6.4.0
7f603519b000-7f603519c000 r--p 00010000 08:02 8134179                    /usr/lib/x86_64-linux-gnu/libXext.so.6.4.0
7f603519c000-7f603519d000 rw-p 00011000 08:02 8134179                    /usr/lib/x86_64-linux-gnu/libXext.so.6.4.0
7f603519d000-7f60351fb000 r-xp 00000000 08:02 17957416                   /home/gk/Downloads/jdk-11.0.2/lib/libawt_xawt.so
7f60351fb000-7f60353fa000 ---p 0005e000 08:02 17957416                   /home/gk/Downloads/jdk-11.0.2/lib/libawt_xawt.so
7f60353fa000-7f60353fb000 r--p 0005d000 08:02 17957416                   /home/gk/Downloads/jdk-11.0.2/lib/libawt_xawt.so
7f60353fb000-7f60353fe000 rw-p 0005e000 08:02 17957416                   /home/gk/Downloads/jdk-11.0.2/lib/libawt_xawt.so
7f60353fe000-7f6035400000 rw-p 00000000 00:00 0 
7f6035400000-7f60354a0000 r-xp 00000000 08:02 17957414                   /home/gk/Downloads/jdk-11.0.2/lib/libawt.so
7f60354a0000-7f60356a0000 ---p 000a0000 08:02 17957414                   /home/gk/Downloads/jdk-11.0.2/lib/libawt.so
7f60356a0000-7f60356a1000 r--p 000a0000 08:02 17957414                   /home/gk/Downloads/jdk-11.0.2/lib/libawt.so
7f60356a1000-7f60356ac000 rw-p 000a1000 08:02 17957414                   /home/gk/Downloads/jdk-11.0.2/lib/libawt.so
7f60356ac000-7f60356d1000 rw-p 00000000 00:00 0 
7f60356d1000-7f60356d2000 ---p 00000000 00:00 0 
7f60356d2000-7f60357d3000 rw-p 00000000 00:00 0 
7f60357d3000-7f60357d7000 ---p 00000000 00:00 0 
7f60357d7000-7f60358d4000 rw-p 00000000 00:00 0 
7f60358d4000-7f60358d8000 ---p 00000000 00:00 0 
7f60358d8000-7f60359d5000 rw-p 00000000 00:00 0 
7f60359d5000-7f60359eb000 r-xp 00000000 08:02 17957437                   /home/gk/Downloads/jdk-11.0.2/lib/libnet.so
7f60359eb000-7f6035beb000 ---p 00016000 08:02 17957437                   /home/gk/Downloads/jdk-11.0.2/lib/libnet.so
7f6035beb000-7f6035bec000 r--p 00016000 08:02 17957437                   /home/gk/Downloads/jdk-11.0.2/lib/libnet.so
7f6035bec000-7f6035bed000 rw-p 00017000 08:02 17957437                   /home/gk/Downloads/jdk-11.0.2/lib/libnet.so
7f6035bed000-7f6035bfd000 r-xp 00000000 08:02 17957438                   /home/gk/Downloads/jdk-11.0.2/lib/libnio.so
7f6035bfd000-7f6035dfc000 ---p 00010000 08:02 17957438                   /home/gk/Downloads/jdk-11.0.2/lib/libnio.so
7f6035dfc000-7f6035dfd000 r--p 0000f000 08:02 17957438                   /home/gk/Downloads/jdk-11.0.2/lib/libnio.so
7f6035dfd000-7f6035dfe000 rw-p 00010000 08:02 17957438                   /home/gk/Downloads/jdk-11.0.2/lib/libnio.so
7f6035dfe000-7f6035e02000 ---p 00000000 00:00 0 
7f6035e02000-7f6035eff000 rw-p 00000000 00:00 0 
7f6035eff000-7f6035f03000 ---p 00000000 00:00 0 
7f6035f03000-7f6038000000 rw-p 00000000 00:00 0 
7f6038000000-7f6038021000 rw-p 00000000 00:00 0 
7f6038021000-7f603c000000 ---p 00000000 00:00 0 
7f603c04e000-7f603c059000 r--s 00000000 08:02 4194440                    /var/cache/fontconfig/945677eb7aeaf62f1d50efc3fb3ec7d8-le64.cache-7
7f603c059000-7f603c06e000 r--s 00000000 08:02 4194397                    /var/cache/fontconfig/04aabc0a78ac019cf9454389977116d2-le64.cache-7
7f603c06e000-7f603c072000 ---p 00000000 00:00 0 
7f603c072000-7f603c16f000 rw-p 00000000 00:00 0 
7f603c16f000-7f603c173000 ---p 00000000 00:00 0 
7f603c173000-7f603c460000 rw-p 00000000 00:00 0 
7f603c460000-7f603e138000 ---p 00000000 00:00 0 
7f603e138000-7f603e328000 rw-p 00000000 00:00 0 
7f603e328000-7f6040000000 ---p 00000000 00:00 0 
7f6040000000-7f6040021000 rw-p 00000000 00:00 0 
7f6040021000-7f6044000000 ---p 00000000 00:00 0 
7f6044002000-7f6044003000 r--s 00000000 08:02 4194398                    /var/cache/fontconfig/087e1975ba9a574b140bb1df193bf770-le64.cache-7
7f6044003000-7f6044008000 r--s 00000000 08:02 4194408                    /var/cache/fontconfig/2300eef321c393bfd76478a5c0e95b23-le64.cache-7
7f6044008000-7f6044009000 r--s 00000000 08:02 4194401                    /var/cache/fontconfig/0d8c3b2ac0904cb8a57a757ad11a4a08-le64.cache-7
7f6044009000-7f604400a000 r--s 00000000 08:02 4194405                    /var/cache/fontconfig/1ac9eb803944fde146138c791f5cc56a-le64.cache-7
7f604400a000-7f604400b000 r--s 00000000 08:02 4194465                    /var/cache/fontconfig/dc05db6664285cc2f12bf69c139ae4c3-le64.cache-7
7f604400b000-7f604400c000 r--s 00000000 08:02 4200504                    /var/cache/fontconfig/14a5e22175779b556eaa434240950366-le64.cache-7
7f604400c000-7f604400d000 r--s 00000000 08:02 4194430                    /var/cache/fontconfig/660208299946a285a940457d1287da33-le64.cache-7
7f604400d000-7f604400f000 r--s 00000000 08:02 4194421                    /var/cache/fontconfig/4f3e3037c9980c83b53a9351efadef62-le64.cache-7
7f604400f000-7f6044011000 r--s 00000000 08:02 4194436                    /var/cache/fontconfig/767a8244fc0220cfb567a839d0392e0b-le64.cache-7
7f6044011000-7f6044013000 r--s 00000000 08:02 4194432                    /var/cache/fontconfig/69fb4bbe1b2fa860e172a32ebf28505c-le64.cache-7
7f6044013000-7f6044014000 r--s 00000000 08:02 4202686                    /var/cache/fontconfig/4794a0821666d79190d59a36cb4f44b5-le64.cache-7
7f6044014000-7f6044060000 r--s 00000000 08:02 4194399                    /var/cache/fontconfig/0bd3dc0958fa2205aaaa8ebb13e2872b-le64.cache-7
7f6044060000-7f6044061000 r--s 00000000 08:02 4194472                    /var/cache/fontconfig/f6d4eedfaab2589bde49f7a3ff831d22-le64.cache-7
7f6044061000-7f6044062000 r--s 00000000 08:02 4194428                    /var/cache/fontconfig/589f83ef4c36d296ce6e1c846f468f08-le64.cache-7
7f6044062000-7f6044063000 r--s 00000000 08:02 4194406                    /var/cache/fontconfig/2171a34dccabdb6bcbbc728186263178-le64.cache-7
7f6044063000-7f6044064000 r--s 00000000 08:02 4194447                    /var/cache/fontconfig/aec30016f93e1b46d1a973dce0d74068-le64.cache-7
7f6044064000-7f6044065000 r--s 00000000 08:02 4194403                    /var/cache/fontconfig/16c2fda60d1b4b719f4b3d06fd951d25-le64.cache-7
7f6044065000-7f604406a000 r--s 00000000 08:02 4194443                    /var/cache/fontconfig/9d2451b1fd30e5bffe8383fd27c35478-le64.cache-7
7f604406a000-7f6044070000 r--s 00000000 08:02 4194410                    /var/cache/fontconfig/3047814df9a2f067bd2d96a2b9c36e5a-le64.cache-7
7f6044070000-7f6044078000 r--s 00000000 08:02 4194452                    /var/cache/fontconfig/bf3b770c553c462765856025a94f1ce6-le64.cache-7
7f6044078000-7f6044357000 r--p 00000000 08:02 8132823                    /usr/lib/locale/locale-archive
7f6044357000-7f604435b000 ---p 00000000 00:00 0 
7f604435b000-7f6044c58000 rw-p 00000000 00:00 0 
7f6044c58000-7f6044ec8000 rwxp 00000000 00:00 0 
7f6044ec8000-7f60451e8000 ---p 00000000 00:00 0 
7f60451e8000-7f6045458000 rwxp 00000000 00:00 0 
7f6045458000-7f604c720000 ---p 00000000 00:00 0 
7f604c720000-7f604c990000 rwxp 00000000 00:00 0 
7f604c990000-7f6053c58000 ---p 00000000 00:00 0 
7f6053c58000-7f605c000000 r--s 00000000 08:02 17957448                   /home/gk/Downloads/jdk-11.0.2/lib/modules
7f605c000000-7f605c466000 rw-p 00000000 00:00 0 
7f605c466000-7f6060000000 ---p 00000000 00:00 0 
7f6060000000-7f6060001000 r--s 00000000 08:02 4194425                    /var/cache/fontconfig/56cf4f4769d0f4abc89a4895d7bd3ae1-le64.cache-7
7f6060001000-7f6060002000 r--s 00000000 08:02 4194450                    /var/cache/fontconfig/b9d506c9ac06c20b433354fa67a72993-le64.cache-7
7f6060002000-7f6060008000 r--s 00000000 08:02 4194448                    /var/cache/fontconfig/b47c4e1ecd0709278f4910c18777a504-le64.cache-7
7f6060008000-7f606000a000 r--s 00000000 08:02 4194445                    /var/cache/fontconfig/a0107c79d978dfcc5e42cb1335b71036-le64.cache-7
7f606000a000-7f606001d000 r--s 00000000 08:02 4194462                    /var/cache/fontconfig/d52a8644073d54c13679302ca1180695-le64.cache-7
7f606001d000-7f606001e000 r--s 00000000 08:02 4194434                    /var/cache/fontconfig/6b2c5944714ca7831b25bed9e85cb5c8-le64.cache-7
7f606001e000-7f606004f000 rw-p 00000000 00:00 0 
7f606004f000-7f6060053000 ---p 00000000 00:00 0 
7f6060053000-7f6060150000 rw-p 00000000 00:00 0 
7f6060150000-7f6060151000 ---p 00000000 00:00 0 
7f6060151000-7f606032e000 rw-p 00000000 00:00 0 
7f606032e000-7f606032f000 ---p 00000000 00:00 0 
7f606032f000-7f6060430000 rw-p 00000000 00:00 0 
7f6060430000-7f6060431000 ---p 00000000 00:00 0 
7f6060431000-7f6060936000 rw-p 00000000 00:00 0 
7f6060936000-7f6060937000 ---p 00000000 00:00 0 
7f6060937000-7f6060a38000 rw-p 00000000 00:00 0 
7f6060a38000-7f6060a39000 ---p 00000000 00:00 0 
7f6060a39000-7f6060b78000 rw-p 00000000 00:00 0 
7f6060b78000-7f6060f13000 ---p 00000000 00:00 0 
7f6060f13000-7f6060f51000 rw-p 00000000 00:00 0 
7f6060f51000-7f60612ec000 ---p 00000000 00:00 0 
7f60612ec000-7f606132a000 rw-p 00000000 00:00 0 
7f606132a000-7f60616c5000 ---p 00000000 00:00 0 
7f60616c5000-7f6061ac9000 rw-p 00000000 00:00 0 
7f6061ac9000-7f6061aca000 ---p 00000000 00:00 0 
7f6061aca000-7f6061bd0000 rw-p 00000000 00:00 0 
7f6061bd0000-7f6061cb6000 ---p 00000000 00:00 0 
7f6061cb6000-7f6061cbb000 rw-p 00000000 00:00 0 
7f6061cbb000-7f6061da1000 ---p 00000000 00:00 0 
7f6061da1000-7f6061dbc000 r-xp 00000000 08:02 17957429                   /home/gk/Downloads/jdk-11.0.2/lib/libjimage.so
7f6061dbc000-7f6061fbb000 ---p 0001b000 08:02 17957429                   /home/gk/Downloads/jdk-11.0.2/lib/libjimage.so
7f6061fbb000-7f6061fbd000 r--p 0001a000 08:02 17957429                   /home/gk/Downloads/jdk-11.0.2/lib/libjimage.so
7f6061fbd000-7f6061fbe000 rw-p 0001c000 08:02 17957429                   /home/gk/Downloads/jdk-11.0.2/lib/libjimage.so
7f6061fbe000-7f6061fc5000 r-xp 00000000 08:02 17957447                   /home/gk/Downloads/jdk-11.0.2/lib/libzip.so
7f6061fc5000-7f60621c4000 ---p 00007000 08:02 17957447                   /home/gk/Downloads/jdk-11.0.2/lib/libzip.so
7f60621c4000-7f60621c5000 r--p 00006000 08:02 17957447                   /home/gk/Downloads/jdk-11.0.2/lib/libzip.so
7f60621c5000-7f60621c6000 rw-p 00007000 08:02 17957447                   /home/gk/Downloads/jdk-11.0.2/lib/libzip.so
7f60621c6000-7f60621d1000 r-xp 00000000 08:02 9835489                    /lib/x86_64-linux-gnu/libnss_files-2.27.so
7f60621d1000-7f60623d0000 ---p 0000b000 08:02 9835489                    /lib/x86_64-linux-gnu/libnss_files-2.27.so
7f60623d0000-7f60623d1000 r--p 0000a000 08:02 9835489                    /lib/x86_64-linux-gnu/libnss_files-2.27.so
7f60623d1000-7f60623d2000 rw-p 0000b000 08:02 9835489                    /lib/x86_64-linux-gnu/libnss_files-2.27.so
7f60623d2000-7f60623d8000 rw-p 00000000 00:00 0 
7f60623d8000-7f60623ef000 r-xp 00000000 08:02 9835483                    /lib/x86_64-linux-gnu/libnsl-2.27.so
7f60623ef000-7f60625ee000 ---p 00017000 08:02 9835483                    /lib/x86_64-linux-gnu/libnsl-2.27.so
7f60625ee000-7f60625ef000 r--p 00016000 08:02 9835483                    /lib/x86_64-linux-gnu/libnsl-2.27.so
7f60625ef000-7f60625f0000 rw-p 00017000 08:02 9835483                    /lib/x86_64-linux-gnu/libnsl-2.27.so
7f60625f0000-7f60625f2000 rw-p 00000000 00:00 0 
7f60625f2000-7f60625fd000 r-xp 00000000 08:02 9835499                    /lib/x86_64-linux-gnu/libnss_nis-2.27.so
7f60625fd000-7f60627fc000 ---p 0000b000 08:02 9835499                    /lib/x86_64-linux-gnu/libnss_nis-2.27.so
7f60627fc000-7f60627fd000 r--p 0000a000 08:02 9835499                    /lib/x86_64-linux-gnu/libnss_nis-2.27.so
7f60627fd000-7f60627fe000 rw-p 0000b000 08:02 9835499                    /lib/x86_64-linux-gnu/libnss_nis-2.27.so
7f60627fe000-7f6062806000 r-xp 00000000 08:02 9835485                    /lib/x86_64-linux-gnu/libnss_compat-2.27.so
7f6062806000-7f6062a06000 ---p 00008000 08:02 9835485                    /lib/x86_64-linux-gnu/libnss_compat-2.27.so
7f6062a06000-7f6062a07000 r--p 00008000 08:02 9835485                    /lib/x86_64-linux-gnu/libnss_compat-2.27.so
7f6062a07000-7f6062a08000 rw-p 00009000 08:02 9835485                    /lib/x86_64-linux-gnu/libnss_compat-2.27.so
7f6062a08000-7f6062a31000 r-xp 00000000 08:02 17957425                   /home/gk/Downloads/jdk-11.0.2/lib/libjava.so
7f6062a31000-7f6062c30000 ---p 00029000 08:02 17957425                   /home/gk/Downloads/jdk-11.0.2/lib/libjava.so
7f6062c30000-7f6062c31000 r--p 00028000 08:02 17957425                   /home/gk/Downloads/jdk-11.0.2/lib/libjava.so
7f6062c31000-7f6062c33000 rw-p 00029000 08:02 17957425                   /home/gk/Downloads/jdk-11.0.2/lib/libjava.so
7f6062c33000-7f6062c40000 r-xp 00000000 08:02 17957446                   /home/gk/Downloads/jdk-11.0.2/lib/libverify.so
7f6062c40000-7f6062e3f000 ---p 0000d000 08:02 17957446                   /home/gk/Downloads/jdk-11.0.2/lib/libverify.so
7f6062e3f000-7f6062e41000 r--p 0000c000 08:02 17957446                   /home/gk/Downloads/jdk-11.0.2/lib/libverify.so
7f6062e41000-7f6062e42000 rw-p 0000e000 08:02 17957446                   /home/gk/Downloads/jdk-11.0.2/lib/libverify.so
7f6062e42000-7f6062e49000 r-xp 00000000 08:02 9835539                    /lib/x86_64-linux-gnu/librt-2.27.so
7f6062e49000-7f6063048000 ---p 00007000 08:02 9835539                    /lib/x86_64-linux-gnu/librt-2.27.so
7f6063048000-7f6063049000 r--p 00006000 08:02 9835539                    /lib/x86_64-linux-gnu/librt-2.27.so
7f6063049000-7f606304a000 rw-p 00007000 08:02 9835539                    /lib/x86_64-linux-gnu/librt-2.27.so
7f606304a000-7f60631e7000 r-xp 00000000 08:02 9835462                    /lib/x86_64-linux-gnu/libm-2.27.so
7f60631e7000-7f60633e6000 ---p 0019d000 08:02 9835462                    /lib/x86_64-linux-gnu/libm-2.27.so
7f60633e6000-7f60633e7000 r--p 0019c000 08:02 9835462                    /lib/x86_64-linux-gnu/libm-2.27.so
7f60633e7000-7f60633e8000 rw-p 0019d000 08:02 9835462                    /lib/x86_64-linux-gnu/libm-2.27.so
7f60633e8000-7f6064525000 r-xp 00000000 08:02 17957459                   /home/gk/Downloads/jdk-11.0.2/lib/server/libjvm.so
7f6064525000-7f6064724000 ---p 0113d000 08:02 17957459                   /home/gk/Downloads/jdk-11.0.2/lib/server/libjvm.so
7f6064724000-7f60647e3000 r--p 0113c000 08:02 17957459                   /home/gk/Downloads/jdk-11.0.2/lib/server/libjvm.so
7f60647e3000-7f606481c000 rw-p 011fb000 08:02 17957459                   /home/gk/Downloads/jdk-11.0.2/lib/server/libjvm.so
7f606481c000-7f6064872000 rw-p 00000000 00:00 0 
7f6064872000-7f6064a59000 r-xp 00000000 08:02 9835399                    /lib/x86_64-linux-gnu/libc-2.27.so
7f6064a59000-7f6064c59000 ---p 001e7000 08:02 9835399                    /lib/x86_64-linux-gnu/libc-2.27.so
7f6064c59000-7f6064c5d000 r--p 001e7000 08:02 9835399                    /lib/x86_64-linux-gnu/libc-2.27.so
7f6064c5d000-7f6064c5f000 rw-p 001eb000 08:02 9835399                    /lib/x86_64-linux-gnu/libc-2.27.so
7f6064c5f000-7f6064c63000 rw-p 00000000 00:00 0 
7f6064c63000-7f6064c66000 r-xp 00000000 08:02 9835422                    /lib/x86_64-linux-gnu/libdl-2.27.so
7f6064c66000-7f6064e65000 ---p 00003000 08:02 9835422                    /lib/x86_64-linux-gnu/libdl-2.27.so
7f6064e65000-7f6064e66000 r--p 00002000 08:02 9835422                    /lib/x86_64-linux-gnu/libdl-2.27.so
7f6064e66000-7f6064e67000 rw-p 00003000 08:02 9835422                    /lib/x86_64-linux-gnu/libdl-2.27.so
7f6064e67000-7f6064e77000 r-xp 00000000 08:02 17957410                   /home/gk/Downloads/jdk-11.0.2/lib/jli/libjli.so
7f6064e77000-7f6065076000 ---p 00010000 08:02 17957410                   /home/gk/Downloads/jdk-11.0.2/lib/jli/libjli.so
7f6065076000-7f6065077000 r--p 0000f000 08:02 17957410                   /home/gk/Downloads/jdk-11.0.2/lib/jli/libjli.so
7f6065077000-7f6065078000 rw-p 00010000 08:02 17957410                   /home/gk/Downloads/jdk-11.0.2/lib/jli/libjli.so
7f6065078000-7f6065092000 r-xp 00000000 08:02 9835531                    /lib/x86_64-linux-gnu/libpthread-2.27.so
7f6065092000-7f6065291000 ---p 0001a000 08:02 9835531                    /lib/x86_64-linux-gnu/libpthread-2.27.so
7f6065291000-7f6065292000 r--p 00019000 08:02 9835531                    /lib/x86_64-linux-gnu/libpthread-2.27.so
7f6065292000-7f6065293000 rw-p 0001a000 08:02 9835531                    /lib/x86_64-linux-gnu/libpthread-2.27.so
7f6065293000-7f6065297000 rw-p 00000000 00:00 0 
7f6065297000-7f60652b3000 r-xp 00000000 08:02 9835570                    /lib/x86_64-linux-gnu/libz.so.1.2.11
7f60652b3000-7f60654b2000 ---p 0001c000 08:02 9835570                    /lib/x86_64-linux-gnu/libz.so.1.2.11
7f60654b2000-7f60654b3000 r--p 0001b000 08:02 9835570                    /lib/x86_64-linux-gnu/libz.so.1.2.11
7f60654b3000-7f60654b4000 rw-p 0001c000 08:02 9835570                    /lib/x86_64-linux-gnu/libz.so.1.2.11
7f60654b4000-7f60654db000 r-xp 00000000 08:02 9835371                    /lib/x86_64-linux-gnu/ld-2.27.so
7f60654db000-7f60654dd000 r--s 00000000 08:02 4194422                    /var/cache/fontconfig/550f3886151c940c12a5ed35f6a00586-le64.cache-7
7f60654dd000-7f60654de000 r--s 00000000 08:02 4194439                    /var/cache/fontconfig/8a687c406b77f27d99abfeeba937fcce-le64.cache-7
7f60654de000-7f60654df000 r--s 00000000 08:02 4194415                    /var/cache/fontconfig/3f7329c5293ffd510edef78f73874cfd-le64.cache-7
7f60654df000-7f60654eb000 r--s 00000000 08:02 4194463                    /var/cache/fontconfig/d589a48862398ed80a3d6066f4f56f4c-le64.cache-7
7f60654eb000-7f60654ec000 r--s 00000000 08:02 4194400                    /var/cache/fontconfig/0c9eb80ebd1c36541ebe2852d3bb0c49-le64.cache-7
7f60654ec000-7f60654fb000 r--s 00000000 08:02 4194442                    /var/cache/fontconfig/9b89f8e3dae116d678bbf48e5f21f69b-le64.cache-7
7f60654fb000-7f6065508000 r--p 00000000 08:02 9699980                    /usr/share/glib-2.0/schemas/gschemas.compiled
7f6065508000-7f60655b4000 rw-p 00000000 00:00 0 
7f60655b4000-7f60655b8000 ---p 00000000 00:00 0 
7f60655b8000-7f60656b9000 rw-p 00000000 00:00 0 
7f60656b9000-7f60656ba000 r--s 00000000 08:02 4194407                    /var/cache/fontconfig/22368d551a680bfe5a62c02760edf4ea-le64.cache-7
7f60656ba000-7f60656bb000 r--s 00000000 08:02 4194420                    /var/cache/fontconfig/4d9c95eba1cb85bbcf2878543262124a-le64.cache-7
7f60656bb000-7f60656bc000 r--s 00000000 08:02 4194438                    /var/cache/fontconfig/85e0a52ce643a7ba2ae53e5d6949cead-le64.cache-7
7f60656bc000-7f60656bd000 r--s 00000000 08:02 4194417                    /var/cache/fontconfig/49f0de54bdd920fe4f0dfd4cbac43e6b-le64.cache-7
7f60656bd000-7f60656be000 r--s 00000000 08:02 4194473                    /var/cache/fontconfig/f6e6e0a5c3d2f6ae0c0c2e0ecd42a997-le64.cache-7
7f60656be000-7f60656bf000 r--s 00000000 08:02 4194418                    /var/cache/fontconfig/4b2eda6bb976bda485cb2176619421d5-le64.cache-7
7f60656bf000-7f60656c0000 r--s 00000000 08:02 4194453                    /var/cache/fontconfig/c277e94e32b20404286a1ddafa5a80f0-le64.cache-7
7f60656c0000-7f60656c3000 r--s 00000000 08:02 4194468                    /var/cache/fontconfig/e13b20fdb08344e0e664864cc2ede53d-le64.cache-7
7f60656c3000-7f60656c4000 r--p 00000000 08:02 17040078                   /home/gk/.config/dconf/user
7f60656c4000-7f60656c5000 r--s 00000000 00:34 22                         /run/user/1000/dconf/user
7f60656c5000-7f60656ca000 rw-p 00000000 00:00 0 
7f60656ca000-7f60656d1000 ---p 00000000 00:00 0 
7f60656d1000-7f60656d9000 rw-s 00000000 08:02 8527449                    /tmp/hsperfdata_gk/8491
7f60656d9000-7f60656da000 ---p 00000000 00:00 0 
7f60656da000-7f60656db000 r--p 00000000 00:00 0 
7f60656db000-7f60656dc000 r--p 00027000 08:02 9835371                    /lib/x86_64-linux-gnu/ld-2.27.so
7f60656dc000-7f60656dd000 rw-p 00028000 08:02 9835371                    /lib/x86_64-linux-gnu/ld-2.27.so
7f60656dd000-7f60656de000 rw-p 00000000 00:00 0 
7fff94030000-7fff94051000 rw-p 00000000 00:00 0                          [stack]
7fff9415d000-7fff94160000 r--p 00000000 00:00 0                          [vvar]
7fff94160000-7fff94161000 r-xp 00000000 00:00 0                          [vdso]
ffffffffff600000-ffffffffff601000 r-xp 00000000 00:00 0                  [vsyscall]


VM Arguments:
jvm_args: -Dfile.encoding=UTF-8 --module-path=/home/gk/NetBeansProjects/JavaDM/build/classes 
java_command: JavaDM.App.AppCC
java_class_path (initial): /home/gk/NetBeansProjects/JavaDM/build/classes
Launcher Type: SUN_STANDARD

[Global flags]
     intx CICompilerCount                          = 3                                         {product} {ergonomic}
     uint ConcGCThreads                            = 1                                         {product} {ergonomic}
     uint G1ConcRefinementThreads                  = 4                                         {product} {ergonomic}
   size_t G1HeapRegionSize                         = 1048576                                   {product} {ergonomic}
    uintx GCDrainStackTargetSize                   = 64                                        {product} {ergonomic}
   size_t InitialHeapSize                          = 130023424                                 {product} {ergonomic}
   size_t MarkStackSize                            = 4194304                                   {product} {ergonomic}
   size_t MaxHeapSize                              = 2065694720                                {product} {ergonomic}
   size_t MaxNewSize                               = 1239416832                                {product} {ergonomic}
   size_t MinHeapDeltaBytes                        = 1048576                                   {product} {ergonomic}
    uintx NonNMethodCodeHeapSize                   = 5830092                                {pd product} {ergonomic}
    uintx NonProfiledCodeHeapSize                  = 122914074                              {pd product} {ergonomic}
    uintx ProfiledCodeHeapSize                     = 122914074                              {pd product} {ergonomic}
    uintx ReservedCodeCacheSize                    = 251658240                              {pd product} {ergonomic}
     bool SegmentedCodeCache                       = true                                      {product} {ergonomic}
     bool UseCompressedClassPointers               = true                                 {lp64_product} {ergonomic}
     bool UseCompressedOops                        = true                                 {lp64_product} {ergonomic}
     bool UseG1GC                                  = true                                      {product} {ergonomic}

Logging:
Log output configuration:
 #0: stdout all=warning uptime,level,tags
 #1: stderr all=off uptime,level,tags

Environment Variables:
PATH=/usr/local/sbin:/usr/local/bin:/usr/sbin:/usr/bin:/sbin:/bin:/usr/games:/usr/local/games:/snap/bin
SHELL=/bin/bash
DISPLAY=:0

Signal Handlers:
SIGSEGV: [libjvm.so+0xe28d40], sa_mask[0]=11111111011111111101111111111110, sa_flags=SA_RESTART|SA_SIGINFO
SIGBUS: [libjvm.so+0xe28d40], sa_mask[0]=11111111011111111101111111111110, sa_flags=SA_RESTART|SA_SIGINFO
SIGFPE: [libjvm.so+0xe28d40], sa_mask[0]=11111111011111111101111111111110, sa_flags=SA_RESTART|SA_SIGINFO
SIGPIPE: SIG_IGN, sa_mask[0]=00000000000010000000000000000000, sa_flags=SA_RESTART
SIGXFSZ: [libjvm.so+0xbfd500], sa_mask[0]=11111111011111111101111111111110, sa_flags=SA_RESTART|SA_SIGINFO
SIGILL: [libjvm.so+0xe28d40], sa_mask[0]=11111111011111111101111111111110, sa_flags=SA_RESTART|SA_SIGINFO
SIGUSR2: [libjvm.so+0xbfd3a0], sa_mask[0]=00100000000000000000000000000000, sa_flags=SA_RESTART|SA_SIGINFO
SIGHUP: [libjvm.so+0xbfd700], sa_mask[0]=11111111011111111101111111111110, sa_flags=SA_RESTART|SA_SIGINFO
SIGINT: SIG_IGN, sa_mask[0]=00000000000000000000000000000000, sa_flags=none
SIGTERM: [libjvm.so+0xbfd700], sa_mask[0]=11111111011111111101111111111110, sa_flags=SA_RESTART|SA_SIGINFO
SIGQUIT: [libjvm.so+0xbfd700], sa_mask[0]=11111111011111111101111111111110, sa_flags=SA_RESTART|SA_SIGINFO


---------------  S Y S T E M  ---------------

OS:DISTRIB_ID=Ubuntu
DISTRIB_RELEASE=18.04
DISTRIB_CODENAME=bionic
DISTRIB_DESCRIPTION="Ubuntu 18.04.3 LTS"
uname:Linux 5.0.0-32-generic #34~18.04.2-Ubuntu SMP Thu Oct 10 10:36:02 UTC 2019 x86_64
libc:glibc 2.27 NPTL 2.27 
rlimit: STACK 8192k, CORE 0k, NPROC 31249, NOFILE 1048576, AS infinity, DATA infinity, FSIZE infinity
load average:0.34 0.38 0.33

/proc/meminfo:
MemTotal:        8068920 kB
MemFree:         2582936 kB
MemAvailable:    4355508 kB
Buffers:          237272 kB
Cached:          1983716 kB
SwapCached:            0 kB
Active:          4143888 kB
Inactive:         869800 kB
Active(anon):    2934072 kB
Inactive(anon):   153356 kB
Active(file):    1209816 kB
Inactive(file):   716444 kB
Unevictable:      139232 kB
Mlocked:               0 kB
SwapTotal:       2097148 kB
SwapFree:        2097148 kB
Dirty:               344 kB
Writeback:             0 kB
AnonPages:       2932064 kB
Mapped:           718712 kB
Shmem:            294692 kB
KReclaimable:     163760 kB
Slab:             210748 kB
SReclaimable:     163760 kB
SUnreclaim:        46988 kB
KernelStack:       11376 kB
PageTables:        48612 kB
NFS_Unstable:          0 kB
Bounce:                0 kB
WritebackTmp:          0 kB
CommitLimit:     6131608 kB
Committed_AS:    5651872 kB
VmallocTotal:   34359738367 kB
VmallocUsed:           0 kB
VmallocChunk:          0 kB
Percpu:             1136 kB
HardwareCorrupted:     0 kB
AnonHugePages:         0 kB
ShmemHugePages:        0 kB
ShmemPmdMapped:        0 kB
CmaTotal:              0 kB
CmaFree:               0 kB
HugePages_Total:       0
HugePages_Free:        0
HugePages_Rsvd:        0
HugePages_Surp:        0
Hugepagesize:       2048 kB
Hugetlb:               0 kB
DirectMap4k:      178152 kB
DirectMap2M:     7065600 kB
DirectMap1G:     2097152 kB


/proc/sys/kernel/threads-max (system-wide limit on the number of threads):
62498


/proc/sys/vm/max_map_count (maximum number of memory map areas a process may have):
65530


/proc/sys/kernel/pid_max (system-wide limit on number of process identifiers):
32768



container (cgroup) information:
container_type: cgroupv1
cpu_cpuset_cpus: 0-3
cpu_memory_nodes: 0
active_processor_count: 4
cpu_quota: -1
cpu_period: 100000
cpu_shares: -1
memory_limit_in_bytes: -1
memory_and_swap_limit_in_bytes: -2
memory_soft_limit_in_bytes: -1
memory_usage_in_bytes: 5276610560
memory_max_usage_in_bytes: 0


CPU:total 4 (initial active 4) (2 cores per cpu, 2 threads per core) family 6 model 69 stepping 1, cmov, cx8, fxsr, mmx, sse, sse2, sse3, ssse3, sse4.1, sse4.2, popcnt, avx, avx2, aes, clmul, erms, lzcnt, ht, tsc, tscinvbit, bmi1, bmi2, fma
CPU Model and flags from /proc/cpuinfo:
model name	: Intel(R) Core(TM) i5-4310U CPU @ 2.00GHz
flags		: fpu vme de pse tsc msr pae mce cx8 apic sep mtrr pge mca cmov pat pse36 clflush dts acpi mmx fxsr sse sse2 ss ht tm pbe syscall nx pdpe1gb rdtscp lm constant_tsc arch_perfmon pebs bts rep_good nopl xtopology nonstop_tsc cpuid aperfmperf pni pclmulqdq dtes64 monitor ds_cpl vmx smx est tm2 ssse3 sdbg fma cx16 xtpr pdcm pcid sse4_1 sse4_2 x2apic movbe popcnt tsc_deadline_timer aes xsave avx f16c rdrand lahf_lm abm cpuid_fault epb invpcid_single pti ssbd ibrs ibpb stibp tpr_shadow vnmi flexpriority ept vpid ept_ad fsgsbase tsc_adjust bmi1 avx2 smep bmi2 erms invpcid xsaveopt dtherm ida arat pln pts md_clear flush_l1d

Memory: 4k page, physical 8068920k(2582684k free), swap 2097148k(2097148k free)

vm_info: OpenJDK 64-Bit Server VM (11.0.2+9) for linux-amd64 JRE (11.0.2+9), built on Jan 17 2019 21:18:23 by "mach5one" with gcc 7.3.0

END.
